=====================================================================
== C:\Users\Administrator\Desktop\Arma 3 Server\arma3server_x64.exe
== "C:\Users\Administrator\Desktop\Arma 3 Server\arma3server_x64.exe"  -port=2302 "-config=C:\Users\Administrator\Desktop\Arma 3 Server\TADST\default\TADST_config.cfg" "-cfg=C:\Users\Administrator\Desktop\Arma 3 Server\TADST\default\TADST_basic.cfg" "-profiles=C:\Users\Administrator\Desktop\Arma 3 Server\TADST\default" -name=default -filePatching "-mod=@extDB3;@life_server" -autoInit

Original output filename: Arma3Retail_Server_x64
Exe timestamp: 2022/08/11 11:58:45
Current time:  2022/09/11 14:30:43

Type: Public
Build: Stable
Version: 2.10.149799

Allocator: C:\Users\Administrator\Desktop\Arma 3 Server\Dll\tbb4malloc_bi_x64.dll [2017.0.0.0] [2017.0.0.0]
PhysMem: 6.0 GiB, VirtMem : 131072 GiB, AvailPhys : 2.8 GiB, AvailVirt : 131068 GiB, AvailPage : 3.5 GiB, PageSize : 4.0 KiB/2.0 MiB/HasLockMemory, CPUCount : 4
=====================================================================

14:30:43 SteamAPI initialization failed. Steam features won't be accessible!
14:30:44 Initializing stats manager.
14:30:44 Stats config disabled.
14:30:44 sessionID: bafecdd9f668e6c63c95223fcfbb1be6f1155b8f
14:30:56 Updating base class RscShortcutButton->RscButton, by a3\editor_f\config.bin/RscDisplayEditObject/Controls/B_OK/ (original bin\config.bin)
14:30:56 Updating base class RscSliderH->RscXSliderH, by a3\editor_f\config.bin/RscDisplayEditObject/Slider/ (original bin\config.bin)
14:30:56 Updating base class RscText->RscPicture, by a3\editor_f\config.bin/RscDisplayEditObject/Preview/ (original bin\config.bin)
14:30:56 Updating base class RscShortcutButton->RscButton, by a3\editor_f\config.bin/RscDisplayMissionLoad/Controls/B_OK/ (original bin\config.bin)
14:30:56 Updating base class RscShortcutButton->RscButton, by a3\editor_f\config.bin/RscDisplayMissionSave/Controls/B_OK/ (original bin\config.bin)
14:30:57 Updating base class ->RscControlsGroup, by a3\ui_f\config.bin/RscControlsGroupNoScrollbars/ (original a3\ui_f\config.bin)
14:30:57 Updating base class ->RscControlsGroup, by a3\ui_f\config.bin/RscControlsGroupNoHScrollbars/ (original a3\ui_f\config.bin)
14:30:57 Updating base class ->RscControlsGroup, by a3\ui_f\config.bin/RscControlsGroupNoVScrollbars/ (original a3\ui_f\config.bin)
14:30:57 Updating base class ->RscText, by a3\ui_f\config.bin/RscLine/ (original a3\ui_f\config.bin)
14:30:57 Updating base class ->RscActiveText, by a3\ui_f\config.bin/RscActivePicture/ (original a3\ui_f\config.bin)
14:30:57 Updating base class ->RscButton, by a3\ui_f\config.bin/RscButtonTextOnly/ (original a3\ui_f\config.bin)
14:30:57 Updating base class ->RscShortcutButton, by a3\ui_f\config.bin/RscShortcutButtonMain/ (original a3\ui_f\config.bin)
14:30:57 Updating base class ->RscShortcutButton, by a3\ui_f\config.bin/RscButtonEditor/ (original a3\ui_f\config.bin)
14:30:57 Updating base class ->RscShortcutButton, by a3\ui_f\config.bin/RscIGUIShortcutButton/ (original a3\ui_f\config.bin)
14:30:57 Updating base class ->RscShortcutButton, by a3\ui_f\config.bin/RscGearShortcutButton/ (original a3\ui_f\config.bin)
14:30:57 Updating base class ->RscShortcutButton, by a3\ui_f\config.bin/RscButtonMenu/ (original a3\ui_f\config.bin)
14:30:57 Updating base class ->RscButtonMenu, by a3\ui_f\config.bin/RscButtonMenuOK/ (original a3\ui_f\config.bin)
14:30:57 Updating base class ->RscButtonMenu, by a3\ui_f\config.bin/RscButtonMenuCancel/ (original a3\ui_f\config.bin)
14:30:57 Updating base class ->RscButtonMenu, by a3\ui_f\config.bin/RscButtonMenuSteam/ (original a3\ui_f\config.bin)
14:30:57 Updating base class ->RscText, by a3\ui_f\config.bin/RscLoadingText/ (original a3\ui_f\config.bin)
14:30:57 Updating base class ->RscListBox, by a3\ui_f\config.bin/RscIGUIListBox/ (original a3\ui_f\config.bin)
14:30:57 Updating base class ->RscListNBox, by a3\ui_f\config.bin/RscIGUIListNBox/ (original a3\ui_f\config.bin)
14:30:57 Updating base class ->RscText, by a3\ui_f\config.bin/RscBackground/ (original a3\ui_f\config.bin)
14:30:57 Updating base class ->RscText, by a3\ui_f\config.bin/RscBackgroundGUI/ (original a3\ui_f\config.bin)
14:30:57 Updating base class ->RscPicture, by a3\ui_f\config.bin/RscBackgroundGUILeft/ (original a3\ui_f\config.bin)
14:30:57 Updating base class ->RscPicture, by a3\ui_f\config.bin/RscBackgroundGUIRight/ (original a3\ui_f\config.bin)
14:30:57 Updating base class ->RscPicture, by a3\ui_f\config.bin/RscBackgroundGUIBottom/ (original a3\ui_f\config.bin)
14:30:57 Updating base class ->RscText, by a3\ui_f\config.bin/RscBackgroundGUITop/ (original a3\ui_f\config.bin)
14:30:57 Updating base class ->RscText, by a3\ui_f\config.bin/RscBackgroundGUIDark/ (original a3\ui_f\config.bin)
14:30:57 Updating base class ->RscPictureKeepAspect, by a3\ui_f\config.bin/RscBackgroundLogo/ (original a3\ui_f\config.bin)
14:30:57 Updating base class ->RscMapControl, by a3\ui_f\config.bin/RscMapControlEmpty/ (original a3\ui_f\config.bin)
14:30:57 Updating base class ->RscPicture, by a3\ui_f\config.bin/CA_Mainback/ (original a3\ui_f\config.bin)
14:30:57 Updating base class ->CA_Mainback, by a3\ui_f\config.bin/CA_Back/ (original a3\ui_f\config.bin)
14:30:57 Updating base class ->CA_Mainback, by a3\ui_f\config.bin/CA_Title_Back/ (original a3\ui_f\config.bin)
14:30:57 Updating base class ->CA_Mainback, by a3\ui_f\config.bin/CA_Black_Back/ (original a3\ui_f\config.bin)
14:30:57 Updating base class ->RscTitle, by a3\ui_f\config.bin/CA_Title/ (original a3\ui_f\config.bin)
14:30:57 Updating base class ->RscPictureKeepAspect, by a3\ui_f\config.bin/CA_Logo/ (original a3\ui_f\config.bin)
14:30:57 Updating base class ->CA_Logo, by a3\ui_f\config.bin/CA_Logo_Small/ (original a3\ui_f\config.bin)
14:30:57 Updating base class ->RscButton, by a3\ui_f\config.bin/CA_RscButton/ (original a3\ui_f\config.bin)
14:30:57 Updating base class ->CA_RscButton, by a3\ui_f\config.bin/CA_RscButton_dialog/ (original a3\ui_f\config.bin)
14:30:57 Updating base class ->RscActiveText, by a3\ui_f\config.bin/CA_Ok/ (original a3\ui_f\config.bin)
14:30:57 Updating base class ->RscText, by a3\ui_f\config.bin/CA_Ok_image/ (original a3\ui_f\config.bin)
14:30:57 Updating base class ->RscText, by a3\ui_f\config.bin/CA_Ok_image2/ (original a3\ui_f\config.bin)
14:30:57 Updating base class ->RscText, by a3\ui_f\config.bin/CA_Ok_text/ (original a3\ui_f\config.bin)
14:30:57 Updating base class ->RscPicture, by a3\ui_f\config.bin/RscVignette/ (original a3\ui_f\config.bin)
14:30:57 Updating base class ->RscControlsGroupNoScrollbars, by a3\ui_f\config.bin/RscMapControlTooltip/ (original a3\ui_f\config.bin)
14:30:57 Updating base class RscUnitInfo->RscUnitInfoAirNoWeapon, by a3\ui_f\config.bin/RscInGameUI/RscUnitInfoAir/ (original a3\ui_f\config.bin)
14:30:57 Updating base class RscControlsGroup->RscControlsGroupNoScrollbars, by a3\ui_f\config.bin/RscInGameUI/RscTaskOverview/controls/TaskOverviewAssigned/ (original bin\config.bin)
14:30:57 Updating base class RscShortcutButton->RscButtonMenu, by a3\ui_f\config.bin/RscDisplayDebug/Controls/B_OK/ (original bin\config.bin)
14:30:57 Updating base class RscShortcutButton->RscButtonMenu, by a3\ui_f\config.bin/RscDisplayDebug/Controls/B_Cancel/ (original bin\config.bin)
14:30:57 Updating base class RscShortcutButton->RscButtonMenu, by a3\ui_f\config.bin/RscDisplayDebug/Controls/B_Clear/ (original bin\config.bin)
14:30:57 Updating base class ->RscText, by a3\ui_f\config.bin/RscDisplayCapture/controls/TimeLines/ (original bin\config.bin)
14:30:57 Updating base class RscShortcutButton->RscButtonMenu, by a3\ui_f\config.bin/RscDisplayCapture/controls/ButtonAverages/ (original bin\config.bin)
14:30:57 Updating base class RscShortcutButton->RscButtonMenu, by a3\ui_f\config.bin/RscDisplayCapture/controls/ButtonSavePreviousData/ (original bin\config.bin)
14:30:57 Updating base class RscShortcutButton->RscButtonMenu, by a3\ui_f\config.bin/RscDisplayCapture/controls/ButtonPreviousData/ (original bin\config.bin)
14:30:57 Updating base class RscPicture->RscPictureKeepAspect, by a3\ui_f\config.bin/RscDisplayMain/IconPicture/ (original bin\config.bin)
14:30:57 Updating base class IconPicture->RscPictureKeepAspect, by a3\ui_f\config.bin/RscDisplayMain/DlcOwnedIconPicture/ (original a3\ui_f\config.bin)
14:30:57 Updating base class IconPicture->RscPictureKeepAspect, by a3\ui_f\config.bin/RscDisplayMain/DlcIconPicture/ (original a3\ui_f\config.bin)
14:30:57 Updating base class RscControlsGroup->RscControlsGroupNoScrollbars, by a3\ui_f\config.bin/RscDisplayCampaignLoad/controls/OverviewGroup/ (original bin\config.bin)
14:30:57 Updating base class RscButton->RscButtonSearch, by a3\ui_f\config.bin/RscDisplayCampaignLoad/controls/SearchButton/ (original bin\config.bin)
14:30:57 Updating base class RscShortcutButton->RscButtonMenuCancel, by a3\ui_f\config.bin/RscDisplayCampaignLoad/controls/ButtonCancel/ (original bin\config.bin)
14:30:57 Updating base class RscShortcutButton->RscButtonMenu, by a3\ui_f\config.bin/RscDisplayCampaignLoad/controls/ButtonGameOptions/ (original bin\config.bin)
14:30:57 Updating base class RscShortcutButton->RscButtonMenuSteam, by a3\ui_f\config.bin/RscDisplayCampaignLoad/controls/ButtonBuyDLC/ (original bin\config.bin)
14:30:57 Updating base class RscShortcutButton->RscButtonMenu, by a3\ui_f\config.bin/RscDisplayCampaignLoad/controls/ButtonRevert/ (original bin\config.bin)
14:30:57 Updating base class RscShortcutButton->RscButtonMenuOK, by a3\ui_f\config.bin/RscDisplayCampaignLoad/controls/ButtonOK/ (original bin\config.bin)
14:30:57 Updating base class RscListBox->RscCombo, by a3\ui_f\config.bin/RscDisplayCustomizeController/Steepness/ (original bin\config.bin)
14:30:57 Updating base class ->RscStandardDisplay, by a3\ui_f\config.bin/RscDisplayControlSchemes/ (original bin\config.bin)
14:30:57 Updating base class ButtonOK->RscButtonMenuCancel, by a3\ui_f\config.bin/RscDisplayControlSchemes/controls/ButtonCancel/ (original bin\config.bin)
14:30:57 Updating base class RscButton->RscButtonMenuOK, by a3\ui_f\config.bin/RscDisplayControlSchemes/controls/ButtonOK/ (original bin\config.bin)
14:30:57 Updating base class RscPicture->RscPictureKeepAspect, by a3\ui_f\config.bin/RscDisplayFileSelectImage/controls/OverviewPicture/ (original bin\config.bin)
14:30:57 Updating base class RscShortcutButton->RscButtonMenuCancel, by a3\ui_f\config.bin/RscDisplayFieldManual/Controls/ButtonCancel/ (original bin\config.bin)
14:30:57 Cannot delete class B_KickOff, it is referenced somewhere (used as a base class probably).
14:30:57 Updating base class RscButton->RscButtonMenuCancel, by a3\ui_f\config.bin/RscDisplayPublishMission/controls/ButtonCancel/ (original bin\config.bin)
14:30:57 Updating base class RscShortcutButton->RscButtonMenuOK, by a3\ui_f\config.bin/RscDisplayPublishMissionSelectTags/controls/ButtonOK/ (original bin\config.bin)
14:30:57 Updating base class ButtonOK->RscButtonMenuCancel, by a3\ui_f\config.bin/RscDisplayPublishMissionSelectTags/controls/ButtonCancel/ (original bin\config.bin)
14:30:57 Updating base class ->RscSubmenu, by a3\ui_f\config.bin/RscMainMenu/ (original bin\config.bin)
14:30:57 Updating base class ->DistanceClose, by a3\ui_f\config.bin/CfgSimpleTasks/Icon3D/DistanceMid/ (original bin\config.bin)
14:30:57 Updating base class ->DistanceClose, by a3\ui_f\config.bin/CfgSimpleTasks/Icon3D/DistanceLong/ (original bin\config.bin)
14:30:58 Updating base class ->ctrlDefaultText, by a3\3den\config.bin/ctrlStatic/ (original a3\3den\config.bin)
14:30:58 Updating base class ->ctrlActiveText, by a3\3den\config.bin/ctrlActivePicture/ (original a3\3den\config.bin)
14:30:58 Updating base class ->ctrlDefaultText, by a3\3den\config.bin/ctrlStructuredText/ (original a3\3den\config.bin)
14:30:58 Updating base class ->ctrlControlsGroup, by a3\3den\config.bin/ctrlControlsGroupNoScrollbars/ (original a3\3den\config.bin)
14:30:58 Updating base class ->ctrlDefault, by a3\3den\config.bin/ctrlCheckbox/ (original a3\3den\config.bin)
14:30:58 Updating base class ->ctrlCheckbox, by a3\3den\config.bin/ctrlCheckboxBaseline/ (original a3\3den\config.bin)
14:30:58 Updating base class RscText->ctrlStaticBackgroundDisable, by a3\3den\config.bin/RscDisplayOptionsAudio/ControlsBackground/BackgroundDisable/ (original a3\3den\config.bin)
14:30:58 Updating base class RscText->ctrlStaticBackgroundDisableTiles, by a3\3den\config.bin/RscDisplayOptionsAudio/ControlsBackground/BackgroundDisableTiles/ (original a3\3den\config.bin)
14:30:58 Updating base class RscText->ctrlStaticBackgroundDisable, by a3\3den\config.bin/RscDisplayConfigure/ControlsBackground/BackgroundDisable/ (original a3\3den\config.bin)
14:30:58 Updating base class RscText->ctrlStaticBackgroundDisableTiles, by a3\3den\config.bin/RscDisplayConfigure/ControlsBackground/BackgroundDisableTiles/ (original a3\3den\config.bin)
14:30:58 Updating base class RscText->ctrlStaticBackgroundDisable, by a3\3den\config.bin/RscDisplayConfigureAction/ControlsBackground/BackgroundDisable/ (original a3\3den\config.bin)
14:30:58 Updating base class RscText->ctrlStaticBackgroundDisableTiles, by a3\3den\config.bin/RscDisplayConfigureAction/ControlsBackground/BackgroundDisableTiles/ (original a3\3den\config.bin)
14:30:58 Updating base class RscText->ctrlStaticBackgroundDisable, by a3\3den\config.bin/RscDisplayConfigureControllers/ControlsBackground/BackgroundDisable/ (original a3\3den\config.bin)
14:30:58 Updating base class RscText->ctrlStaticBackgroundDisableTiles, by a3\3den\config.bin/RscDisplayConfigureControllers/ControlsBackground/BackgroundDisableTiles/ (original a3\3den\config.bin)
14:30:58 Updating base class RscText->ctrlStaticBackgroundDisable, by a3\3den\config.bin/RscDisplayGameOptions/ControlsBackground/BackgroundDisable/ (original a3\3den\config.bin)
14:30:58 Updating base class RscText->ctrlStaticBackgroundDisableTiles, by a3\3den\config.bin/RscDisplayGameOptions/ControlsBackground/BackgroundDisableTiles/ (original a3\3den\config.bin)
14:30:58 Updating base class controls->, by a3\3den\config.bin/RscDisplayArcadeMap_Layout_2/Controls/ (original a3\ui_f\config.bin)
14:30:58 Updating base class controls->, by a3\3den\config.bin/RscDisplayArcadeMap_Layout_6/Controls/ (original a3\ui_f\config.bin)
14:30:58 Updating base class ->ctrlControlsGroupNoScrollbars, by a3\3den\config.bin/Cfg3DEN/Attributes/Default/ (original a3\3den\config.bin)
14:30:58 Updating base class ->ctrlStatic, by a3\3den\config.bin/Cfg3DEN/Attributes/Title/Controls/Title/ (original a3\3den\config.bin)
14:30:58 Updating base class ->ctrlToolbox, by a3\3den\config.bin/Cfg3DEN/Attributes/Toolbox/Controls/Value/ (original a3\3den\config.bin)
14:31:01 Initializing Steam Manager
14:31:01 Steam Manager initialized.
14:31:01 
14:31:01 ==== Loaded addons ====
14:31:01 
14:31:01 dta\bin.pbo - 149799
14:31:01 dta\core.pbo - 129618
14:31:01 dta\languagecore_f.pbo - 150327
14:31:01 C:\Users\Administrator\Desktop\Arma 3 Server\@life_server\addons\life_server.pbo - unknown
14:31:01 C:\Users\Administrator\Desktop\Arma 3 Server\@extDB3\addons\extdb3.pbo - unknown
14:31:01 C:\Users\Administrator\Desktop\Arma 3 Server\aow\addons\anims_f_aow.pbo - 149768
14:31:01 C:\Users\Administrator\Desktop\Arma 3 Server\aow\addons\characters_f_aow.pbo - 149965
14:31:01 C:\Users\Administrator\Desktop\Arma 3 Server\aow\addons\data_f_aow.pbo - 149928
14:31:01 C:\Users\Administrator\Desktop\Arma 3 Server\aow\addons\dubbing_f_aow.pbo - 149901
14:31:01 C:\Users\Administrator\Desktop\Arma 3 Server\aow\addons\editorpreviews_f_aow.pbo - 149909
14:31:01 C:\Users\Administrator\Desktop\Arma 3 Server\aow\addons\functions_f_aow.pbo - 149593
14:31:01 C:\Users\Administrator\Desktop\Arma 3 Server\aow\addons\languagemissions_f_aow.pbo - 150220
14:31:01 C:\Users\Administrator\Desktop\Arma 3 Server\aow\addons\language_f_aow.pbo - 150220
14:31:01 C:\Users\Administrator\Desktop\Arma 3 Server\aow\addons\missions_f_aow.pbo - 150217
14:31:01 C:\Users\Administrator\Desktop\Arma 3 Server\aow\addons\missions_f_aow_data.pbo - 150217
14:31:01 C:\Users\Administrator\Desktop\Arma 3 Server\aow\addons\missions_f_aow_video.pbo - 149837
14:31:01 C:\Users\Administrator\Desktop\Arma 3 Server\aow\addons\props_f_aow.pbo - 150286
14:31:01 C:\Users\Administrator\Desktop\Arma 3 Server\aow\addons\sounds_f_aow.pbo - 149668
14:31:01 C:\Users\Administrator\Desktop\Arma 3 Server\aow\addons\structures_f_aow.pbo - 149883
14:31:01 C:\Users\Administrator\Desktop\Arma 3 Server\aow\addons\supplies_f_aow.pbo - 150149
14:31:01 C:\Users\Administrator\Desktop\Arma 3 Server\aow\addons\ui_f_aow.pbo - 149917
14:31:01 C:\Users\Administrator\Desktop\Arma 3 Server\enoch\addons\air_f_enoch.pbo - 145904
14:31:01 C:\Users\Administrator\Desktop\Arma 3 Server\enoch\addons\anims_f_enoch.pbo - 149965
14:31:01 C:\Users\Administrator\Desktop\Arma 3 Server\enoch\addons\armor_f_enoch.pbo - 145904
14:31:01 C:\Users\Administrator\Desktop\Arma 3 Server\enoch\addons\cargoposes_f_enoch.pbo - 142478
14:31:01 C:\Users\Administrator\Desktop\Arma 3 Server\enoch\addons\characters_f_enoch.pbo - 149965
14:31:01 C:\Users\Administrator\Desktop\Arma 3 Server\enoch\addons\data_f_enoch.pbo - 150070
14:31:01 C:\Users\Administrator\Desktop\Arma 3 Server\enoch\addons\dubbing_radio_f_enoch.pbo - 150070
14:31:01 C:\Users\Administrator\Desktop\Arma 3 Server\enoch\addons\dubbing_radio_f_enoch_data.pbo - 150020
14:31:01 C:\Users\Administrator\Desktop\Arma 3 Server\enoch\addons\editorpreviews_f_enoch.pbo - 145440
14:31:01 C:\Users\Administrator\Desktop\Arma 3 Server\enoch\addons\functions_f_enoch.pbo - 148356
14:31:01 C:\Users\Administrator\Desktop\Arma 3 Server\enoch\addons\languagemissions_f_enoch.pbo - 150220
14:31:01 C:\Users\Administrator\Desktop\Arma 3 Server\enoch\addons\language_f_enoch.pbo - 150220
14:31:01 C:\Users\Administrator\Desktop\Arma 3 Server\enoch\addons\map_enoch.pbo - 150292
14:31:01 C:\Users\Administrator\Desktop\Arma 3 Server\enoch\addons\map_enoch_data.pbo - 145274
14:31:01 C:\Users\Administrator\Desktop\Arma 3 Server\enoch\addons\map_enoch_data_layers.pbo - 146184
14:31:01 C:\Users\Administrator\Desktop\Arma 3 Server\enoch\addons\map_enoch_scenes_f.pbo - 143336
14:31:01 C:\Users\Administrator\Desktop\Arma 3 Server\enoch\addons\missions_f_enoch.pbo - 149487
14:31:01 C:\Users\Administrator\Desktop\Arma 3 Server\enoch\addons\music_f_enoch.pbo - 147472
14:31:01 C:\Users\Administrator\Desktop\Arma 3 Server\enoch\addons\music_f_enoch_music.pbo - 147127
14:31:01 C:\Users\Administrator\Desktop\Arma 3 Server\enoch\addons\props_f_enoch.pbo - 150309
14:31:01 C:\Users\Administrator\Desktop\Arma 3 Server\enoch\addons\rocks_f_enoch.pbo - 148432
14:31:01 C:\Users\Administrator\Desktop\Arma 3 Server\enoch\addons\soft_f_enoch.pbo - 150071
14:31:01 C:\Users\Administrator\Desktop\Arma 3 Server\enoch\addons\sounds_f_enoch.pbo - 150286
14:31:01 C:\Users\Administrator\Desktop\Arma 3 Server\enoch\addons\static_f_enoch.pbo - 145904
14:31:01 C:\Users\Administrator\Desktop\Arma 3 Server\enoch\addons\structures_f_enoch.pbo - 148551
14:31:01 C:\Users\Administrator\Desktop\Arma 3 Server\enoch\addons\structures_f_enoch_civilian.pbo - 150270
14:31:01 C:\Users\Administrator\Desktop\Arma 3 Server\enoch\addons\structures_f_enoch_commercial.pbo - 148419
14:31:01 C:\Users\Administrator\Desktop\Arma 3 Server\enoch\addons\structures_f_enoch_cultural.pbo - 148739
14:31:01 C:\Users\Administrator\Desktop\Arma 3 Server\enoch\addons\structures_f_enoch_data.pbo - 148419
14:31:01 C:\Users\Administrator\Desktop\Arma 3 Server\enoch\addons\structures_f_enoch_furniture.pbo - 148419
14:31:01 C:\Users\Administrator\Desktop\Arma 3 Server\enoch\addons\structures_f_enoch_industrial.pbo - 148804
14:31:01 C:\Users\Administrator\Desktop\Arma 3 Server\enoch\addons\structures_f_enoch_infrastructure.pbo - 148551
14:31:01 C:\Users\Administrator\Desktop\Arma 3 Server\enoch\addons\structures_f_enoch_military.pbo - 150174
14:31:01 C:\Users\Administrator\Desktop\Arma 3 Server\enoch\addons\supplies_f_enoch.pbo - 150249
14:31:01 C:\Users\Administrator\Desktop\Arma 3 Server\enoch\addons\ui_f_enoch.pbo - 147095
14:31:01 C:\Users\Administrator\Desktop\Arma 3 Server\enoch\addons\vegetation_f_enoch.pbo - 150192
14:31:01 C:\Users\Administrator\Desktop\Arma 3 Server\enoch\addons\weapons_f_enoch.pbo - 150213
14:31:01 C:\Users\Administrator\Desktop\Arma 3 Server\tank\addons\armor_f_tank.pbo - 150292
14:31:01 C:\Users\Administrator\Desktop\Arma 3 Server\tank\addons\cargoposes_f_tank.pbo - 128283
14:31:01 C:\Users\Administrator\Desktop\Arma 3 Server\tank\addons\characters_f_tank.pbo - 148392
14:31:01 C:\Users\Administrator\Desktop\Arma 3 Server\tank\addons\data_f_tank.pbo - 128203
14:31:01 C:\Users\Administrator\Desktop\Arma 3 Server\tank\addons\dubbing_f_tank.pbo - 127958
14:31:01 C:\Users\Administrator\Desktop\Arma 3 Server\tank\addons\editorpreviews_f_tank.pbo - 137875
14:31:01 C:\Users\Administrator\Desktop\Arma 3 Server\tank\addons\functions_f_tank.pbo - 125996
14:31:01 C:\Users\Administrator\Desktop\Arma 3 Server\tank\addons\languagemissions_f_tank.pbo - 150220
14:31:01 C:\Users\Administrator\Desktop\Arma 3 Server\tank\addons\language_f_tank.pbo - 150220
14:31:01 C:\Users\Administrator\Desktop\Arma 3 Server\tank\addons\missions_f_tank.pbo - 150028
14:31:01 C:\Users\Administrator\Desktop\Arma 3 Server\tank\addons\missions_f_tank_data.pbo - 128937
14:31:01 C:\Users\Administrator\Desktop\Arma 3 Server\tank\addons\modules_f_tank.pbo - 147857
14:31:01 C:\Users\Administrator\Desktop\Arma 3 Server\tank\addons\music_f_tank.pbo - 127912
14:31:01 C:\Users\Administrator\Desktop\Arma 3 Server\tank\addons\props_f_tank.pbo - 131702
14:31:01 C:\Users\Administrator\Desktop\Arma 3 Server\tank\addons\sounds_f_tank.pbo - 143095
14:31:01 C:\Users\Administrator\Desktop\Arma 3 Server\tank\addons\structures_f_tank.pbo - 150249
14:31:01 C:\Users\Administrator\Desktop\Arma 3 Server\tank\addons\ui_f_tank.pbo - 148551
14:31:01 C:\Users\Administrator\Desktop\Arma 3 Server\tank\addons\weapons_f_tank.pbo - 150213
14:31:01 C:\Users\Administrator\Desktop\Arma 3 Server\tacops\addons\characters_f_tacops.ebo - 129739
14:31:01 C:\Users\Administrator\Desktop\Arma 3 Server\tacops\addons\data_f_tacops.ebo - 150102
14:31:01 C:\Users\Administrator\Desktop\Arma 3 Server\tacops\addons\dubbing_f_tacops.ebo - 129340
14:31:01 C:\Users\Administrator\Desktop\Arma 3 Server\tacops\addons\functions_f_tacops.ebo - 150182
14:31:01 C:\Users\Administrator\Desktop\Arma 3 Server\tacops\addons\languagemissions_f_tacops.ebo - 150220
14:31:01 C:\Users\Administrator\Desktop\Arma 3 Server\tacops\addons\language_f_tacops.ebo - 150220
14:31:01 C:\Users\Administrator\Desktop\Arma 3 Server\tacops\addons\missions_f_tacops.ebo - 144976
14:31:01 C:\Users\Administrator\Desktop\Arma 3 Server\tacops\addons\modules_f_tacops.ebo - 150149
14:31:01 C:\Users\Administrator\Desktop\Arma 3 Server\tacops\addons\music_f_tacops.ebo - 124064
14:31:01 C:\Users\Administrator\Desktop\Arma 3 Server\tacops\addons\sounds_f_tacops.ebo - 123795
14:31:01 C:\Users\Administrator\Desktop\Arma 3 Server\tacops\addons\ui_f_tacops.ebo - 148551
14:31:01 C:\Users\Administrator\Desktop\Arma 3 Server\orange\addons\air_f_orange.pbo - 150020
14:31:01 C:\Users\Administrator\Desktop\Arma 3 Server\orange\addons\cargoposes_f_orange.pbo - 126225
14:31:01 C:\Users\Administrator\Desktop\Arma 3 Server\orange\addons\characters_f_orange.pbo - 148442
14:31:01 C:\Users\Administrator\Desktop\Arma 3 Server\orange\addons\data_f_orange.pbo - 144284
14:31:01 C:\Users\Administrator\Desktop\Arma 3 Server\orange\addons\dubbing_f_orange.pbo - 121689
14:31:01 C:\Users\Administrator\Desktop\Arma 3 Server\orange\addons\editorpreviews_f_orange.pbo - 123173
14:31:01 C:\Users\Administrator\Desktop\Arma 3 Server\orange\addons\functions_f_orange.pbo - 149339
14:31:01 C:\Users\Administrator\Desktop\Arma 3 Server\orange\addons\languagemissions_f_orange.pbo - 150220
14:31:01 C:\Users\Administrator\Desktop\Arma 3 Server\orange\addons\language_f_orange.pbo - 150220
14:31:01 C:\Users\Administrator\Desktop\Arma 3 Server\orange\addons\missions_f_orange.pbo - 150176
14:31:01 C:\Users\Administrator\Desktop\Arma 3 Server\orange\addons\modules_f_orange.pbo - 143632
14:31:01 C:\Users\Administrator\Desktop\Arma 3 Server\orange\addons\music_f_orange.pbo - 120725
14:31:01 C:\Users\Administrator\Desktop\Arma 3 Server\orange\addons\props_f_orange.pbo - 148864
14:31:01 C:\Users\Administrator\Desktop\Arma 3 Server\orange\addons\soft_f_orange.pbo - 150071
14:31:01 C:\Users\Administrator\Desktop\Arma 3 Server\orange\addons\sounds_f_orange.pbo - 145695
14:31:01 C:\Users\Administrator\Desktop\Arma 3 Server\orange\addons\structures_f_orange.pbo - 147636
14:31:01 C:\Users\Administrator\Desktop\Arma 3 Server\orange\addons\supplies_f_orange.pbo - 129371
14:31:01 C:\Users\Administrator\Desktop\Arma 3 Server\orange\addons\ui_f_orange.pbo - 149706
14:31:01 C:\Users\Administrator\Desktop\Arma 3 Server\orange\addons\weapons_f_orange.pbo - 149274
14:31:01 C:\Users\Administrator\Desktop\Arma 3 Server\argo\addons\armor_f_argo.pbo - 129739
14:31:01 C:\Users\Administrator\Desktop\Arma 3 Server\argo\addons\characters_f_patrol.pbo - 149127
14:31:01 C:\Users\Administrator\Desktop\Arma 3 Server\argo\addons\data_f_argo.pbo - 128209
14:31:01 C:\Users\Administrator\Desktop\Arma 3 Server\argo\addons\data_f_patrol.pbo - 141307
14:31:01 C:\Users\Administrator\Desktop\Arma 3 Server\argo\addons\editorpreviews_f_argo.pbo - 142758
14:31:01 C:\Users\Administrator\Desktop\Arma 3 Server\argo\addons\functions_f_patrol.pbo - 141510
14:31:01 C:\Users\Administrator\Desktop\Arma 3 Server\argo\addons\languagemissions_f_patrol.pbo - 150220
14:31:01 C:\Users\Administrator\Desktop\Arma 3 Server\argo\addons\language_f_argo.pbo - 150220
14:31:01 C:\Users\Administrator\Desktop\Arma 3 Server\argo\addons\language_f_patrol.pbo - 150220
14:31:01 C:\Users\Administrator\Desktop\Arma 3 Server\argo\addons\map_malden.pbo - 150292
14:31:01 C:\Users\Administrator\Desktop\Arma 3 Server\argo\addons\map_malden_data.pbo - 135888
14:31:01 C:\Users\Administrator\Desktop\Arma 3 Server\argo\addons\map_malden_data_layers.pbo - 135888
14:31:01 C:\Users\Administrator\Desktop\Arma 3 Server\argo\addons\map_malden_scenes_f.pbo - 120026
14:31:01 C:\Users\Administrator\Desktop\Arma 3 Server\argo\addons\missions_f_patrol.pbo - 126663
14:31:01 C:\Users\Administrator\Desktop\Arma 3 Server\argo\addons\modules_f_patrol.pbo - 119459
14:31:01 C:\Users\Administrator\Desktop\Arma 3 Server\argo\addons\music_f_argo.pbo - 119459
14:31:01 C:\Users\Administrator\Desktop\Arma 3 Server\argo\addons\props_f_argo.pbo - 129371
14:31:01 C:\Users\Administrator\Desktop\Arma 3 Server\argo\addons\rocks_f_argo.pbo - 148432
14:31:01 C:\Users\Administrator\Desktop\Arma 3 Server\argo\addons\sounds_f_patrol.pbo - 119477
14:31:01 C:\Users\Administrator\Desktop\Arma 3 Server\argo\addons\structures_f_argo.pbo - 150265
14:31:01 C:\Users\Administrator\Desktop\Arma 3 Server\argo\addons\ui_f_patrol.pbo - 141307
14:31:01 C:\Users\Administrator\Desktop\Arma 3 Server\argo\addons\vegetation_f_argo.pbo - 148432
14:31:01 C:\Users\Administrator\Desktop\Arma 3 Server\argo\addons\weapons_f_patrol.pbo - 141307
14:31:01 C:\Users\Administrator\Desktop\Arma 3 Server\jets\addons\air_f_jets.pbo - 146744
14:31:01 C:\Users\Administrator\Desktop\Arma 3 Server\jets\addons\anims_f_jets.pbo - 123210
14:31:01 C:\Users\Administrator\Desktop\Arma 3 Server\jets\addons\boat_f_destroyer.pbo - 143297
14:31:01 C:\Users\Administrator\Desktop\Arma 3 Server\jets\addons\boat_f_jets.pbo - 150071
14:31:01 C:\Users\Administrator\Desktop\Arma 3 Server\jets\addons\cargoposes_f_jets.pbo - 126225
14:31:01 C:\Users\Administrator\Desktop\Arma 3 Server\jets\addons\characters_f_jets.pbo - 129739
14:31:01 C:\Users\Administrator\Desktop\Arma 3 Server\jets\addons\data_f_destroyer.pbo - 132156
14:31:01 C:\Users\Administrator\Desktop\Arma 3 Server\jets\addons\data_f_jets.pbo - 146856
14:31:01 C:\Users\Administrator\Desktop\Arma 3 Server\jets\addons\data_f_sams.pbo - 132140
14:31:01 C:\Users\Administrator\Desktop\Arma 3 Server\jets\addons\dubbing_f_jets.pbo - 119457
14:31:01 C:\Users\Administrator\Desktop\Arma 3 Server\jets\addons\editorpreviews_f_destroyer.pbo - 132141
14:31:01 C:\Users\Administrator\Desktop\Arma 3 Server\jets\addons\editorpreviews_f_jets.pbo - 119457
14:31:01 C:\Users\Administrator\Desktop\Arma 3 Server\jets\addons\editorpreviews_f_sams.pbo - 132141
14:31:01 C:\Users\Administrator\Desktop\Arma 3 Server\jets\addons\functions_f_destroyer.pbo - 150071
14:31:01 C:\Users\Administrator\Desktop\Arma 3 Server\jets\addons\functions_f_jets.pbo - 119457
14:31:01 C:\Users\Administrator\Desktop\Arma 3 Server\jets\addons\languagemissions_f_jets.pbo - 150220
14:31:01 C:\Users\Administrator\Desktop\Arma 3 Server\jets\addons\language_f_destroyer.pbo - 150220
14:31:01 C:\Users\Administrator\Desktop\Arma 3 Server\jets\addons\language_f_jets.pbo - 150220
14:31:01 C:\Users\Administrator\Desktop\Arma 3 Server\jets\addons\language_f_sams.pbo - 150220
14:31:01 C:\Users\Administrator\Desktop\Arma 3 Server\jets\addons\missions_f_jets.pbo - 130755
14:31:01 C:\Users\Administrator\Desktop\Arma 3 Server\jets\addons\modules_f_jets.pbo - 119459
14:31:01 C:\Users\Administrator\Desktop\Arma 3 Server\jets\addons\music_f_jets.pbo - 119459
14:31:01 C:\Users\Administrator\Desktop\Arma 3 Server\jets\addons\props_f_destroyer.pbo - 132141
14:31:01 C:\Users\Administrator\Desktop\Arma 3 Server\jets\addons\props_f_jets.pbo - 129371
14:31:01 C:\Users\Administrator\Desktop\Arma 3 Server\jets\addons\sounds_f_jets.pbo - 141706
14:31:01 C:\Users\Administrator\Desktop\Arma 3 Server\jets\addons\static_f_destroyer.pbo - 140243
14:31:01 C:\Users\Administrator\Desktop\Arma 3 Server\jets\addons\static_f_jets.pbo - 146744
14:31:01 C:\Users\Administrator\Desktop\Arma 3 Server\jets\addons\static_f_sams.pbo - 146744
14:31:01 C:\Users\Administrator\Desktop\Arma 3 Server\jets\addons\ui_f_jets.pbo - 126137
14:31:01 C:\Users\Administrator\Desktop\Arma 3 Server\jets\addons\weapons_f_destroyer.pbo - 132268
14:31:01 C:\Users\Administrator\Desktop\Arma 3 Server\jets\addons\weapons_f_jets.pbo - 148847
14:31:01 C:\Users\Administrator\Desktop\Arma 3 Server\jets\addons\weapons_f_sams.pbo - 149414
14:31:01 C:\Users\Administrator\Desktop\Arma 3 Server\expansion\addons\air_f_exp.pbo - 150071
14:31:01 C:\Users\Administrator\Desktop\Arma 3 Server\expansion\addons\anims_f_exp.pbo - 126506
14:31:01 C:\Users\Administrator\Desktop\Arma 3 Server\expansion\addons\armor_f_exp.pbo - 141671
14:31:01 C:\Users\Administrator\Desktop\Arma 3 Server\expansion\addons\boat_f_exp.pbo - 150071
14:31:01 C:\Users\Administrator\Desktop\Arma 3 Server\expansion\addons\cargoposes_f_exp.pbo - 126224
14:31:01 C:\Users\Administrator\Desktop\Arma 3 Server\expansion\addons\characters_f_exp.pbo - 150282
14:31:01 C:\Users\Administrator\Desktop\Arma 3 Server\expansion\addons\characters_f_oldman.pbo - 148698
14:31:01 C:\Users\Administrator\Desktop\Arma 3 Server\expansion\addons\data_f_exp.pbo - 148936
14:31:01 C:\Users\Administrator\Desktop\Arma 3 Server\expansion\addons\data_f_oldman.pbo - 148580
14:31:01 C:\Users\Administrator\Desktop\Arma 3 Server\expansion\addons\dubbing_f_exp.pbo - 119457
14:31:01 C:\Users\Administrator\Desktop\Arma 3 Server\expansion\addons\dubbing_f_oldman.pbo - 148756
14:31:01 C:\Users\Administrator\Desktop\Arma 3 Server\expansion\addons\dubbing_radio_f_exp.pbo - 119458
14:31:01 C:\Users\Administrator\Desktop\Arma 3 Server\expansion\addons\dubbing_radio_f_exp_data_chi.pbo - 119458
14:31:01 C:\Users\Administrator\Desktop\Arma 3 Server\expansion\addons\dubbing_radio_f_exp_data_engfre.pbo - 119457
14:31:01 C:\Users\Administrator\Desktop\Arma 3 Server\expansion\addons\dubbing_radio_f_exp_data_fre.pbo - 119457
14:31:01 C:\Users\Administrator\Desktop\Arma 3 Server\expansion\addons\editorpreviews_f_exp.pbo - 147098
14:31:01 C:\Users\Administrator\Desktop\Arma 3 Server\expansion\addons\editorpreviews_f_oldman.pbo - 148621
14:31:01 C:\Users\Administrator\Desktop\Arma 3 Server\expansion\addons\functions_f_exp.pbo - 144006
14:31:01 C:\Users\Administrator\Desktop\Arma 3 Server\expansion\addons\functions_f_oldman.pbo - 148553
14:31:01 C:\Users\Administrator\Desktop\Arma 3 Server\expansion\addons\languagemissions_f_exp.pbo - 150220
14:31:01 C:\Users\Administrator\Desktop\Arma 3 Server\expansion\addons\languagemissions_f_oldman.pbo - 150220
14:31:01 C:\Users\Administrator\Desktop\Arma 3 Server\expansion\addons\language_f_exp.pbo - 150220
14:31:01 C:\Users\Administrator\Desktop\Arma 3 Server\expansion\addons\language_f_oldman.pbo - 150220
14:31:01 C:\Users\Administrator\Desktop\Arma 3 Server\expansion\addons\map_data_exp.pbo - 136265
14:31:01 C:\Users\Administrator\Desktop\Arma 3 Server\expansion\addons\map_tanoabuka.pbo - 150292
14:31:01 C:\Users\Administrator\Desktop\Arma 3 Server\expansion\addons\map_tanoabuka_data.pbo - 135884
14:31:01 C:\Users\Administrator\Desktop\Arma 3 Server\expansion\addons\map_tanoabuka_data_layers.pbo - 121192
14:31:01 C:\Users\Administrator\Desktop\Arma 3 Server\expansion\addons\map_tanoabuka_data_layers_00_00.pbo - 121192
14:31:01 C:\Users\Administrator\Desktop\Arma 3 Server\expansion\addons\map_tanoa_scenes_f.pbo - 123527
14:31:01 C:\Users\Administrator\Desktop\Arma 3 Server\expansion\addons\missions_f_exp.pbo - 144315
14:31:01 C:\Users\Administrator\Desktop\Arma 3 Server\expansion\addons\missions_f_exp_data.pbo - 119459
14:31:01 C:\Users\Administrator\Desktop\Arma 3 Server\expansion\addons\missions_f_exp_video.pbo - 119459
14:31:01 C:\Users\Administrator\Desktop\Arma 3 Server\expansion\addons\missions_f_oldman.pbo - 150213
14:31:01 C:\Users\Administrator\Desktop\Arma 3 Server\expansion\addons\modules_f_exp.pbo - 119459
14:31:01 C:\Users\Administrator\Desktop\Arma 3 Server\expansion\addons\modules_f_oldman.pbo - 148553
14:31:01 C:\Users\Administrator\Desktop\Arma 3 Server\expansion\addons\music_f_exp.pbo - 119477
14:31:01 C:\Users\Administrator\Desktop\Arma 3 Server\expansion\addons\music_f_exp_music.pbo - 119477
14:31:01 C:\Users\Administrator\Desktop\Arma 3 Server\expansion\addons\music_f_oldman.pbo - 148553
14:31:01 C:\Users\Administrator\Desktop\Arma 3 Server\expansion\addons\music_f_oldman_music.pbo - 148679
14:31:01 C:\Users\Administrator\Desktop\Arma 3 Server\expansion\addons\props_f_exp.pbo - 147637
14:31:01 C:\Users\Administrator\Desktop\Arma 3 Server\expansion\addons\props_f_oldman.pbo - 148553
14:31:01 C:\Users\Administrator\Desktop\Arma 3 Server\expansion\addons\rocks_f_exp.pbo - 148432
14:31:01 C:\Users\Administrator\Desktop\Arma 3 Server\expansion\addons\soft_f_exp.pbo - 150220
14:31:01 C:\Users\Administrator\Desktop\Arma 3 Server\expansion\addons\soft_f_oldman.pbo - 148580
14:31:01 C:\Users\Administrator\Desktop\Arma 3 Server\expansion\addons\sounds_f_exp.pbo - 150286
14:31:01 C:\Users\Administrator\Desktop\Arma 3 Server\expansion\addons\sounds_f_oldman.pbo - 148553
14:31:01 C:\Users\Administrator\Desktop\Arma 3 Server\expansion\addons\static_f_exp.pbo - 119478
14:31:01 C:\Users\Administrator\Desktop\Arma 3 Server\expansion\addons\static_f_oldman.pbo - 148580
14:31:01 C:\Users\Administrator\Desktop\Arma 3 Server\expansion\addons\structures_f_exp.pbo - 148419
14:31:01 C:\Users\Administrator\Desktop\Arma 3 Server\expansion\addons\structures_f_exp_civilian.pbo - 148739
14:31:01 C:\Users\Administrator\Desktop\Arma 3 Server\expansion\addons\structures_f_exp_commercial.pbo - 148419
14:31:01 C:\Users\Administrator\Desktop\Arma 3 Server\expansion\addons\structures_f_exp_cultural.pbo - 148419
14:31:01 C:\Users\Administrator\Desktop\Arma 3 Server\expansion\addons\structures_f_exp_data.pbo - 148419
14:31:01 C:\Users\Administrator\Desktop\Arma 3 Server\expansion\addons\structures_f_exp_industrial.pbo - 148419
14:31:01 C:\Users\Administrator\Desktop\Arma 3 Server\expansion\addons\structures_f_exp_infrastructure.pbo - 148551
14:31:01 C:\Users\Administrator\Desktop\Arma 3 Server\expansion\addons\structures_f_oldman.pbo - 150089
14:31:01 C:\Users\Administrator\Desktop\Arma 3 Server\expansion\addons\supplies_f_exp.pbo - 148079
14:31:01 C:\Users\Administrator\Desktop\Arma 3 Server\expansion\addons\supplies_f_oldman.pbo - 148553
14:31:01 C:\Users\Administrator\Desktop\Arma 3 Server\expansion\addons\ui_f_exp.pbo - 123398
14:31:01 C:\Users\Administrator\Desktop\Arma 3 Server\expansion\addons\ui_f_oldman.pbo - 149216
14:31:01 C:\Users\Administrator\Desktop\Arma 3 Server\expansion\addons\vegetation_f_exp.pbo - 148432
14:31:01 C:\Users\Administrator\Desktop\Arma 3 Server\expansion\addons\weapons_f_exp.pbo - 150071
14:31:01 C:\Users\Administrator\Desktop\Arma 3 Server\mark\addons\anims_f_mark.pbo - 119457
14:31:01 C:\Users\Administrator\Desktop\Arma 3 Server\mark\addons\characters_f_mark.pbo - 148392
14:31:01 C:\Users\Administrator\Desktop\Arma 3 Server\mark\addons\data_f_mark.pbo - 129371
14:31:01 C:\Users\Administrator\Desktop\Arma 3 Server\mark\addons\dubbing_f_mark.pbo - 119457
14:31:01 C:\Users\Administrator\Desktop\Arma 3 Server\mark\addons\dubbing_f_mp_mark.pbo - 119457
14:31:01 C:\Users\Administrator\Desktop\Arma 3 Server\mark\addons\functions_f_mark.pbo - 150154
14:31:01 C:\Users\Administrator\Desktop\Arma 3 Server\mark\addons\functions_f_mp_mark.pbo - 150249
14:31:01 C:\Users\Administrator\Desktop\Arma 3 Server\mark\addons\languagemissions_f_mark.pbo - 150220
14:31:01 C:\Users\Administrator\Desktop\Arma 3 Server\mark\addons\languagemissions_f_mp_mark.pbo - 150220
14:31:01 C:\Users\Administrator\Desktop\Arma 3 Server\mark\addons\language_f_mark.pbo - 150220
14:31:01 C:\Users\Administrator\Desktop\Arma 3 Server\mark\addons\language_f_mp_mark.pbo - 150220
14:31:01 C:\Users\Administrator\Desktop\Arma 3 Server\mark\addons\missions_f_mark.pbo - 122301
14:31:01 C:\Users\Administrator\Desktop\Arma 3 Server\mark\addons\missions_f_mark_data.pbo - 119459
14:31:01 C:\Users\Administrator\Desktop\Arma 3 Server\mark\addons\missions_f_mark_video.pbo - 119459
14:31:01 C:\Users\Administrator\Desktop\Arma 3 Server\mark\addons\missions_f_mp_mark.pbo - 141704
14:31:01 C:\Users\Administrator\Desktop\Arma 3 Server\mark\addons\missions_f_mp_mark_data.pbo - 119459
14:31:01 C:\Users\Administrator\Desktop\Arma 3 Server\mark\addons\modules_f_mark.pbo - 148886
14:31:01 C:\Users\Administrator\Desktop\Arma 3 Server\mark\addons\modules_f_mp_mark.pbo - 150251
14:31:01 C:\Users\Administrator\Desktop\Arma 3 Server\mark\addons\music_f_mark.pbo - 119477
14:31:01 C:\Users\Administrator\Desktop\Arma 3 Server\mark\addons\music_f_mark_music.pbo - 119477
14:31:01 C:\Users\Administrator\Desktop\Arma 3 Server\mark\addons\sounds_f_mark.pbo - 143218
14:31:01 C:\Users\Administrator\Desktop\Arma 3 Server\mark\addons\static_f_mark.pbo - 146756
14:31:01 C:\Users\Administrator\Desktop\Arma 3 Server\mark\addons\structures_f_mark.pbo - 149003
14:31:01 C:\Users\Administrator\Desktop\Arma 3 Server\mark\addons\supplies_f_mark.pbo - 140562
14:31:01 C:\Users\Administrator\Desktop\Arma 3 Server\mark\addons\ui_f_mark.pbo - 119478
14:31:01 C:\Users\Administrator\Desktop\Arma 3 Server\mark\addons\ui_f_mp_mark.pbo - 119478
14:31:01 C:\Users\Administrator\Desktop\Arma 3 Server\mark\addons\weapons_f_mark.pbo - 149339
14:31:01 C:\Users\Administrator\Desktop\Arma 3 Server\heli\addons\air_f_heli.pbo - 150249
14:31:01 C:\Users\Administrator\Desktop\Arma 3 Server\heli\addons\anims_f_heli.pbo - 123210
14:31:01 C:\Users\Administrator\Desktop\Arma 3 Server\heli\addons\boat_f_heli.pbo - 119457
14:31:01 C:\Users\Administrator\Desktop\Arma 3 Server\heli\addons\cargoposes_f_heli.pbo - 126231
14:31:01 C:\Users\Administrator\Desktop\Arma 3 Server\heli\addons\data_f_heli.pbo - 119457
14:31:01 C:\Users\Administrator\Desktop\Arma 3 Server\heli\addons\dubbing_f_heli.pbo - 119457
14:31:01 C:\Users\Administrator\Desktop\Arma 3 Server\heli\addons\functions_f_heli.pbo - 123022
14:31:01 C:\Users\Administrator\Desktop\Arma 3 Server\heli\addons\languagemissions_f_heli.pbo - 150220
14:31:01 C:\Users\Administrator\Desktop\Arma 3 Server\heli\addons\language_f_heli.pbo - 150220
14:31:01 C:\Users\Administrator\Desktop\Arma 3 Server\heli\addons\missions_f_heli.pbo - 129397
14:31:01 C:\Users\Administrator\Desktop\Arma 3 Server\heli\addons\missions_f_heli_data.pbo - 119459
14:31:01 C:\Users\Administrator\Desktop\Arma 3 Server\heli\addons\missions_f_heli_video.pbo - 119459
14:31:01 C:\Users\Administrator\Desktop\Arma 3 Server\heli\addons\modules_f_heli.pbo - 150249
14:31:01 C:\Users\Administrator\Desktop\Arma 3 Server\heli\addons\music_f_heli.pbo - 119477
14:31:01 C:\Users\Administrator\Desktop\Arma 3 Server\heli\addons\music_f_heli_music.pbo - 119477
14:31:01 C:\Users\Administrator\Desktop\Arma 3 Server\heli\addons\soft_f_heli.pbo - 129742
14:31:01 C:\Users\Administrator\Desktop\Arma 3 Server\heli\addons\sounds_f_heli.pbo - 119478
14:31:01 C:\Users\Administrator\Desktop\Arma 3 Server\heli\addons\structures_f_heli.pbo - 141968
14:31:01 C:\Users\Administrator\Desktop\Arma 3 Server\heli\addons\supplies_f_heli.pbo - 145695
14:31:01 C:\Users\Administrator\Desktop\Arma 3 Server\heli\addons\ui_f_heli.pbo - 119478
14:31:01 C:\Users\Administrator\Desktop\Arma 3 Server\kart\addons\anims_f_kart.pbo - 123210
14:31:01 C:\Users\Administrator\Desktop\Arma 3 Server\kart\addons\characters_f_kart.pbo - 148392
14:31:01 C:\Users\Administrator\Desktop\Arma 3 Server\kart\addons\data_f_kart.pbo - 119457
14:31:01 C:\Users\Administrator\Desktop\Arma 3 Server\kart\addons\languagemissions_f_kart.pbo - 150220
14:31:01 C:\Users\Administrator\Desktop\Arma 3 Server\kart\addons\language_f_kart.pbo - 150220
14:31:01 C:\Users\Administrator\Desktop\Arma 3 Server\kart\addons\missions_f_kart.pbo - 149274
14:31:01 C:\Users\Administrator\Desktop\Arma 3 Server\kart\addons\missions_f_kart_data.pbo - 119459
14:31:01 C:\Users\Administrator\Desktop\Arma 3 Server\kart\addons\modules_f_kart.pbo - 150028
14:31:01 C:\Users\Administrator\Desktop\Arma 3 Server\kart\addons\modules_f_kart_data.pbo - 149274
14:31:01 C:\Users\Administrator\Desktop\Arma 3 Server\kart\addons\soft_f_kart.pbo - 150071
14:31:01 C:\Users\Administrator\Desktop\Arma 3 Server\kart\addons\sounds_f_kart.pbo - 125381
14:31:01 C:\Users\Administrator\Desktop\Arma 3 Server\kart\addons\structures_f_kart.pbo - 123419
14:31:01 C:\Users\Administrator\Desktop\Arma 3 Server\kart\addons\ui_f_kart.pbo - 119478
14:31:01 C:\Users\Administrator\Desktop\Arma 3 Server\kart\addons\weapons_f_kart.pbo - 138461
14:31:01 C:\Users\Administrator\Desktop\Arma 3 Server\curator\addons\data_f_curator.pbo - 149127
14:31:01 C:\Users\Administrator\Desktop\Arma 3 Server\curator\addons\data_f_curator_music.pbo - 119457
14:31:01 C:\Users\Administrator\Desktop\Arma 3 Server\curator\addons\functions_f_curator.pbo - 150096
14:31:01 C:\Users\Administrator\Desktop\Arma 3 Server\curator\addons\language_f_curator.pbo - 150220
14:31:01 C:\Users\Administrator\Desktop\Arma 3 Server\curator\addons\missions_f_curator.pbo - 121570
14:31:01 C:\Users\Administrator\Desktop\Arma 3 Server\curator\addons\modules_f_curator.pbo - 150096
14:31:01 C:\Users\Administrator\Desktop\Arma 3 Server\curator\addons\ui_f_curator.pbo - 150267
14:31:01 addons\3den.pbo - 150309
14:31:01 addons\3den_language.pbo - 150327
14:31:01 addons\a3.pbo - unknown
14:31:01 addons\air_f.pbo - 150071
14:31:01 addons\air_f_beta.pbo - 149975
14:31:01 addons\air_f_epb.pbo - 145119
14:31:01 addons\air_f_epc.pbo - 150048
14:31:01 addons\air_f_gamma.pbo - 150048
14:31:01 addons\animals_f.pbo - 150071
14:31:01 addons\animals_f_beta.pbo - 150071
14:31:01 addons\anims_f.pbo - 150249
14:31:01 addons\anims_f_bootcamp.pbo - 123209
14:31:01 addons\anims_f_data.pbo - 148601
14:31:01 addons\anims_f_epa.pbo - 134499
14:31:01 addons\anims_f_epc.pbo - 121358
14:31:01 addons\anims_f_exp_a.pbo - 123209
14:31:01 addons\anims_f_mod.pbo - 135280
14:31:01 addons\armor_f.pbo - 149414
14:31:01 addons\armor_f_beta.pbo - 150297
14:31:01 addons\armor_f_epb.pbo - 150260
14:31:01 addons\armor_f_epc.pbo - 148819
14:31:01 addons\armor_f_gamma.pbo - 150249
14:31:01 addons\baseconfig_f.pbo - 119457
14:31:01 addons\boat_f.pbo - 150265
14:31:01 addons\boat_f_beta.pbo - 132036
14:31:01 addons\boat_f_epc.pbo - 131911
14:31:01 addons\boat_f_gamma.pbo - 127529
14:31:01 addons\cargoposes_f.pbo - 149489
14:31:01 addons\characters_f.pbo - 150282
14:31:01 addons\characters_f_beta.pbo - 149965
14:31:01 addons\characters_f_bootcamp.pbo - 149274
14:31:01 addons\characters_f_epa.pbo - 148392
14:31:01 addons\characters_f_epb.pbo - 148392
14:31:01 addons\characters_f_epc.pbo - 148392
14:31:01 addons\characters_f_gamma.pbo - 148392
14:31:01 addons\data_f.pbo - 150322
14:31:01 addons\data_f_bootcamp.pbo - 129618
14:31:01 addons\data_f_exp_a.pbo - 119457
14:31:01 addons\data_f_exp_b.pbo - 119457
14:31:01 addons\data_f_mod.pbo - 131534
14:31:01 addons\data_f_warlords.pbo - 147096
14:31:01 addons\drones_f.pbo - 146855
14:31:01 addons\dubbing_f.pbo - 119457
14:31:01 addons\dubbing_f_beta.pbo - 119457
14:31:01 addons\dubbing_f_bootcamp.pbo - 119457
14:31:01 addons\dubbing_f_epa.pbo - 119457
14:31:01 addons\dubbing_f_epb.pbo - 119457
14:31:01 addons\dubbing_f_epc.pbo - 119457
14:31:01 addons\dubbing_f_gamma.pbo - 122449
14:31:01 addons\dubbing_f_warlords.pbo - 136700
14:31:01 addons\dubbing_radio_f.pbo - 119457
14:31:01 addons\dubbing_radio_f_data_eng.pbo - 119457
14:31:01 addons\dubbing_radio_f_data_engb.pbo - 119458
14:31:01 addons\dubbing_radio_f_data_gre.pbo - 119458
14:31:01 addons\dubbing_radio_f_data_per.pbo - 150218
14:31:01 addons\dubbing_radio_f_data_vr.pbo - 119458
14:31:01 addons\editorpreviews_f.pbo - 149003
14:31:01 addons\editor_f.pbo - 121103
14:31:01 addons\functions_f.pbo - 150333
14:31:01 addons\functions_f_bootcamp.pbo - 150249
14:31:01 addons\functions_f_epa.pbo - 150249
14:31:01 addons\functions_f_epc.pbo - 119458
14:31:01 addons\functions_f_exp_a.pbo - 150298
14:31:01 addons\functions_f_warlords.pbo - 150013
14:31:01 addons\languagemissions_f.pbo - 150220
14:31:01 addons\languagemissions_f_beta.pbo - 150220
14:31:01 addons\languagemissions_f_bootcamp.pbo - 150220
14:31:01 addons\languagemissions_f_epa.pbo - 150220
14:31:01 addons\languagemissions_f_epb.pbo - 150220
14:31:01 addons\languagemissions_f_epc.pbo - 150220
14:31:01 addons\languagemissions_f_exp_a.pbo - 150220
14:31:01 addons\languagemissions_f_gamma.pbo - 150220
14:31:01 addons\language_f.pbo - 150220
14:31:01 addons\language_f_beta.pbo - 150220
14:31:01 addons\language_f_bootcamp.pbo - 150220
14:31:01 addons\language_f_epa.pbo - 150220
14:31:01 addons\language_f_epb.pbo - 150220
14:31:01 addons\language_f_epc.pbo - 150220
14:31:01 addons\language_f_exp_a.pbo - 150220
14:31:01 addons\language_f_exp_b.pbo - 150220
14:31:01 addons\language_f_gamma.pbo - 150220
14:31:01 addons\language_f_mod.pbo - 150220
14:31:01 addons\language_f_warlords.pbo - 150220
14:31:01 addons\map_altis.pbo - 148442
14:31:01 addons\map_altis_data.pbo - 135904
14:31:01 addons\map_altis_data_layers.pbo - 135913
14:31:01 addons\map_altis_data_layers_00_00.pbo - 0000
14:31:01 addons\map_altis_data_layers_00_01.pbo - 0000
14:31:01 addons\map_altis_data_layers_01_00.pbo - 0000
14:31:01 addons\map_altis_data_layers_01_01.pbo - 0000
14:31:01 addons\map_altis_scenes_f.pbo - 119459
14:31:01 addons\map_data.pbo - 134124
14:31:01 addons\map_stratis.pbo - 148442
14:31:01 addons\map_stratis_data.pbo - 135888
14:31:01 addons\map_stratis_data_layers.pbo - 135888
14:31:01 addons\map_stratis_scenes_f.pbo - 119459
14:31:01 addons\map_vr.pbo - 135900
14:31:01 addons\map_vr_scenes_f.pbo - 119459
14:31:01 addons\misc_f.pbo - 119459
14:31:01 addons\missions_f.pbo - 141704
14:31:01 addons\missions_f_beta.pbo - 150208
14:31:01 addons\missions_f_beta_data.pbo - 149165
14:31:01 addons\missions_f_beta_video.pbo - 119459
14:31:01 addons\missions_f_bootcamp.pbo - 145509
14:31:01 addons\missions_f_bootcamp_data.pbo - 119459
14:31:01 addons\missions_f_bootcamp_video.pbo - 119459
14:31:01 addons\missions_f_data.pbo - 119459
14:31:01 addons\missions_f_epa.pbo - 144315
14:31:01 addons\missions_f_epa_data.pbo - 119459
14:31:01 addons\missions_f_epa_video.pbo - 119459
14:31:01 addons\missions_f_epb.pbo - 119459
14:31:01 addons\missions_f_epc.pbo - 141704
14:31:01 addons\missions_f_exp_a.pbo - 141704
14:31:01 addons\missions_f_exp_a_data.pbo - 119459
14:31:01 addons\missions_f_gamma.pbo - 150176
14:31:01 addons\missions_f_gamma_data.pbo - 119459
14:31:01 addons\missions_f_gamma_video.pbo - 119459
14:31:01 addons\missions_f_video.pbo - 119459
14:31:01 addons\missions_f_warlords.pbo - 145437
14:31:01 addons\modules_f.pbo - 150282
14:31:01 addons\modules_f_beta.pbo - 150198
14:31:01 addons\modules_f_beta_data.pbo - 149274
14:31:01 addons\modules_f_bootcamp.pbo - 119459
14:31:01 addons\modules_f_data.pbo - 122470
14:31:01 addons\modules_f_epb.pbo - 134655
14:31:01 addons\modules_f_exp_a.pbo - 119459
14:31:01 addons\modules_f_warlords.pbo - 144205
14:31:01 addons\music_f.pbo - 119459
14:31:01 addons\music_f_bootcamp.pbo - 119459
14:31:01 addons\music_f_bootcamp_music.pbo - 119459
14:31:01 addons\music_f_epa.pbo - 119459
14:31:01 addons\music_f_epa_music.pbo - 119459
14:31:01 addons\music_f_epb.pbo - 119459
14:31:01 addons\music_f_epb_music.pbo - 119459
14:31:01 addons\music_f_epc.pbo - 119459
14:31:01 addons\music_f_epc_music.pbo - 119477
14:31:01 addons\music_f_music.pbo - 119477
14:31:01 addons\plants_f.pbo - 148432
14:31:01 addons\props_f_exp_a.pbo - 147637
14:31:01 addons\roads_f.pbo - 148432
14:31:01 addons\rocks_f.pbo - 149339
14:31:01 addons\signs_f.pbo - 148432
14:31:01 addons\soft_f.pbo - 150070
14:31:01 addons\soft_f_beta.pbo - 150071
14:31:01 addons\soft_f_bootcamp.pbo - 150071
14:31:01 addons\soft_f_epc.pbo - 150070
14:31:01 addons\soft_f_gamma.pbo - 150183
14:31:01 addons\sounds_f.pbo - 150286
14:31:01 addons\sounds_f_arsenal.pbo - 143218
14:31:01 addons\sounds_f_bootcamp.pbo - 119477
14:31:01 addons\sounds_f_characters.pbo - 143095
14:31:01 addons\sounds_f_environment.pbo - 143095
14:31:01 addons\sounds_f_epb.pbo - 126923
14:31:01 addons\sounds_f_epc.pbo - 125380
14:31:01 addons\sounds_f_exp_a.pbo - 119477
14:31:01 addons\sounds_f_mod.pbo - 131534
14:31:01 addons\sounds_f_sfx.pbo - 143211
14:31:01 addons\sounds_f_vehicles.pbo - 146855
14:31:01 addons\static_f.pbo - 150149
14:31:01 addons\static_f_beta.pbo - 132365
14:31:01 addons\static_f_gamma.pbo - 122615
14:31:01 addons\structures_f.pbo - 150204
14:31:01 addons\structures_f_bootcamp.pbo - 143436
14:31:01 addons\structures_f_data.pbo - 148419
14:31:01 addons\structures_f_epa.pbo - 149252
14:31:01 addons\structures_f_epb.pbo - 148421
14:31:01 addons\structures_f_epc.pbo - 148804
14:31:01 addons\structures_f_exp_a.pbo - 132665
14:31:01 addons\structures_f_households.pbo - 150265
14:31:01 addons\structures_f_ind.pbo - 150048
14:31:01 addons\structures_f_mil.pbo - 150149
14:31:01 addons\structures_f_wrecks.pbo - 148419
14:31:01 addons\uifonts_f.pbo - 119478
14:31:01 addons\uifonts_f_data.pbo - 150106
14:31:01 addons\ui_f.pbo - 150333
14:31:01 addons\ui_f_bootcamp.pbo - 119478
14:31:01 addons\ui_f_data.pbo - 150326
14:31:01 addons\ui_f_exp_a.pbo - 119478
14:31:01 addons\weapons_f.pbo - 150292
14:31:01 addons\weapons_f_beta.pbo - 150174
14:31:01 addons\weapons_f_bootcamp.pbo - 141713
14:31:01 addons\weapons_f_epa.pbo - 148783
14:31:01 addons\weapons_f_epb.pbo - 137810
14:31:01 addons\weapons_f_epc.pbo - 130416
14:31:01 addons\weapons_f_gamma.pbo - 148783
14:31:01 addons\weapons_f_mod.pbo - 149339
14:31:01 
14:31:01 =======================
14:31:01 
14:31:02 ============================================================================================= List of mods ===============================================================================================
14:31:02 modsReadOnly = true
14:31:02 safeModsActivated = false
14:31:02 customMods = true
14:31:02 hash = 'AE3E2105E0D457665180664D3629ECB9E23D5C3F'
14:31:02 hashShort = 'e7f7d709'
14:31:02                                               name |               modDir |    default |   official |               origin |                                     hash | hashShort | fullPath
14:31:02 ----------------------------------------------------------------------------------------------------------------------------------------------------------------------------------------------------------
14:31:02                                       @life_server |         @life_server |      false |      false |             GAME DIR | f577f921d1cfecd0fddfa4b639b3dc0c9db58e77 |  a88e2f4e | C:\Users\Administrator\Desktop\Arma 3 Server\@life_server
14:31:02                                            @extDB3 |              @extDB3 |      false |      false |             GAME DIR | da39a3ee5e6b4b0d3255bfef95601890afd80709 |  11fdd19c | C:\Users\Administrator\Desktop\Arma 3 Server\@extDB3
14:31:02                                  Arma 3 Art of War |                  aow |       true |       true |             GAME DIR | 58486d82c82b1ea7d369b9f7587651cf5187955b |  73be9d85 | C:\Users\Administrator\Desktop\Arma 3 Server\aow
14:31:02                          Arma 3 Contact (Platform) |                enoch |       true |       true |             GAME DIR | 40508e1bdce0ba8a3681e69c1e6895e9fbe38aa5 |  59a0482b | C:\Users\Administrator\Desktop\Arma 3 Server\enoch
14:31:02                                       Arma 3 Tanks |                 tank |       true |       true |             GAME DIR | 66c0e436943034de5af576a5e88759d5d9975434 |  7c9b64b1 | C:\Users\Administrator\Desktop\Arma 3 Server\tank
14:31:02                                     Arma 3 Tac-Ops |               tacops |       true |       true |             GAME DIR | ea3cdf2272cdac419425e594f1a08780df19ae55 |   1fb7009 | C:\Users\Administrator\Desktop\Arma 3 Server\tacops
14:31:02                                 Arma 3 Laws of War |               orange |       true |       true |             GAME DIR | 8ef9975ebc6f24e5194944d3ba0b0fd773f5d03f |  9ec21f31 | C:\Users\Administrator\Desktop\Arma 3 Server\orange
14:31:02                                      Arma 3 Malden |                 argo |       true |       true |             GAME DIR | 2609d2e15143a09e317ab5390ae7a9db1a58d6a9 |  e859fee4 | C:\Users\Administrator\Desktop\Arma 3 Server\argo
14:31:02                                        Arma 3 Jets |                 jets |       true |       true |             GAME DIR | 8d72a046ce82fb8211a2a6b8cbe143222f1a79c0 |  923f8a63 | C:\Users\Administrator\Desktop\Arma 3 Server\jets
14:31:02                                        Arma 3 Apex |            expansion |       true |       true |             GAME DIR | 4eb2cdb018760c6e5061d57bd2f899de3164ac9c |  7b497f33 | C:\Users\Administrator\Desktop\Arma 3 Server\expansion
14:31:02                                    Arma 3 Marksmen |                 mark |       true |       true |             GAME DIR | d3c62666b5376e957b4efcfad364bec4ad5c558f |  1e867a54 | C:\Users\Administrator\Desktop\Arma 3 Server\mark
14:31:02                                 Arma 3 Helicopters |                 heli |       true |       true |             GAME DIR | 2f50ce38762b546efe9e988b575800dac43d2ec6 |  22a680a9 | C:\Users\Administrator\Desktop\Arma 3 Server\heli
14:31:02                                       Arma 3 Karts |                 kart |       true |       true |             GAME DIR | df3db4c8eb8d771c8bc5f6da2658e27db116c27b |  3ae8d985 | C:\Users\Administrator\Desktop\Arma 3 Server\kart
14:31:02                                        Arma 3 Zeus |              curator |       true |       true |             GAME DIR | 8407d12bb64915e5e9eae936f0ce41e9c84c9ba3 |  f43b41c0 | C:\Users\Administrator\Desktop\Arma 3 Server\curator
14:31:02                                             Arma 3 |                   A3 |       true |       true |    NOT FOUND (Empty) |                                          |           | 
14:31:02 ==========================================================================================================================================================================================================
14:31:02 InitSound ...
14:31:02 InitSound - complete
14:31:02 PhysX3 SDK Init started ...
14:31:02 PhysX3 SDK Init ended.
14:31:12 Warning Message: You cannot play/edit this mission; it is dependent on downloadable content that has been deleted.\na3_characters_f
14:31:12 Loading movesType CfgGesturesMale
14:31:12 MovesType CfgGesturesMale load time 126.0 ms
14:31:12 Loading movesType CfgMovesMaleSdr
14:31:22 Warning: looped for animation: a3\anims_f_epa\data\anim\sdr\cts\hubcleaned\briefing\hubbriefing_loop.rtm differs (looped now 0)! MoveName: hubbriefing_ext
14:31:23 Warning: looped for animation: a3\anims_f_epa\data\anim\sdr\cts\hubcleaned\spectator\hubspectator_stand.rtm differs (looped now 1)! MoveName: hubspectator_stand_contact
14:31:23 MovesType CfgMovesMaleSdr load time 10996.0 ms
14:31:23 VoteThreshold must be in 0..1 range. Defaulting to 0.5
14:31:23 VoteThresholdSameSide must be in 0..1 range. Defaulting to 0.5
Initializing Steam server - Game Port: 2302, Steam Query Port: 2303
Steam AppId from steam_appid.txt: 107410
Unexpected stringtable format inside <Text ID="STR_Crime_187V"><Original>
Unsupported language English in stringtable
  Context: mpmissions\Altis_Life.Altis\stringtable.xml
Unexpected stringtable format inside <Text ID="STR_Crime_187V"><Original>
Unsupported language English in stringtable
  Context: mpmissions\Altis_Life.Altis\stringtable.xml
Connected to Steam servers
Starting mission:
 Mission file: Altis_Life
 Mission world: Altis
 Mission directory: mpmissions\Altis_Life.Altis\
Strange convex component202 in a3\structures_f\households\house_small01\d_house_small_01_v1_f.p3d:geometryView
Strange convex component203 in a3\structures_f\households\house_small01\d_house_small_01_v1_f.p3d:geometryView
Strange convex component145 in a3\plants_f\tree\t_pinuss2s_b_f.p3d:geometryView
Strange convex component149 in a3\plants_f\tree\t_pinuss2s_b_f.p3d:geometryView
Strange convex component115 in a3\structures_f\households\house_big01\u_house_big_01_v1_f.p3d:geometryView
Strange convex component117 in a3\structures_f\households\house_big01\u_house_big_01_v1_f.p3d:geometryView
"---------------------------------------------------------------------"
"---------------------------------------------------------------------"
CallExtension loaded: extDB3 (C:\Users\Administrator\Desktop\Arma 3 Server\@extDB3\extDB3_x64.dll) [extDB3 v1033 Windows]

"extDB3 Loaded"
"---------------------------------------------------------------------"
"---------------------------------------------------------------------"
Strange convex component153 in a3\structures_f_aow\civilian\gallery_01\galleryinterior_01_rotunda_f.p3d:geometry
No speaker given for 'Ali Ngige'
No speaker given for 'Ali Okonkwo'
No speaker given for 'Dixon Walker'
No speaker given for 'Hamidi Azikiwe'
No speaker given for 'Hu Chang'
soldier[B_diver_F]:Some of magazines weren't stored in soldier Vest or Uniform?
No speaker given for 'Tavish Anderson'
No speaker given for 'Donald Warren'
No speaker given for 'Mike Thompson'
No speaker given for 'Spencer Bennett'
No speaker given for 'Muhammad Okeke'
No speaker given for 'Mike White'
No speaker given for 'Connor Hill'
No speaker given for 'Kyle Young'
No speaker given for 'Dong Yeung'
No speaker given for 'Lu Chen'
No speaker given for 'Samuel Newton'
No speaker given for 'Luke O'Sullivan'
No speaker given for 'Jamie Taylor'
No speaker given for 'Lu Kung'
No speaker given for 'Archie Conrad'
No speaker given for 'Matthew White'
No speaker given for 'Oliver Clark'
soldier[B_diver_F]:Some of magazines weren't stored in soldier Vest or Uniform?
No speaker given for 'Max Jones'
No speaker given for 'Katungi Sesse-Seko'
No speaker given for 'Jake Anderson'
No speaker given for 'Dwan Smith'
No speaker given for 'Greer Nelson'
No speaker given for 'Keith Harris'
No speaker given for 'Greer Moore'
Wrong vertex mapping for person collision geometry found in a3\characters_f_epc\civil\c_nikos_aged.p3d. Selection 1c not found
Wrong vertex mapping for person collision geometry found in a3\characters_f_epc\civil\c_nikos_aged.p3d. Selection 2c not found
Wrong vertex mapping for person collision geometry found in a3\characters_f_epc\civil\c_nikos_aged.p3d. Selection 3c not found
Wrong vertex mapping for person collision geometry found in a3\characters_f_epc\civil\c_nikos_aged.p3d. Selection 4c not found
Wrong vertex mapping for person collision geometry found in a3\characters_f_epc\civil\c_nikos_aged.p3d. Selection 5c not found
Wrong vertex mapping for person collision geometry found in a3\characters_f_epc\civil\c_nikos_aged.p3d. Selection 6c not found
Wrong vertex mapping for person collision geometry found in a3\characters_f_epc\civil\c_nikos_aged.p3d. Selection 7c not found
Wrong vertex mapping for person collision geometry found in a3\characters_f_epc\civil\c_nikos_aged.p3d. Selection 8c not found
Wrong geometry convex component mapping  for person collision geometry found in a3\characters_f_epc\civil\c_nikos_aged.p3d. Convex component number 3. not found
No speaker given for 'Evangelos Costas'
No face for C Delta 1-4:113
No speaker given for 'Vasilis Karmanlis'
No face for C Delta 1-4:114
No speaker given for 'Evripidis Karmanlis'
No face for C Delta 1-4:115
No speaker given for 'Michalis Mastori'
No face for C Delta 1-4:116
No speaker given for 'Vasilis Zenon'
No face for C Delta 1-4:117
No speaker given for 'Kouris Manelia'
No face for C Delta 1-4:118
No speaker given for 'Angelos Nicolau'
No face for C Delta 1-4:119
No speaker given for 'Michalis Petridis'
No face for C Delta 1-4:120
No speaker given for 'Samaras Athanasiadis'
No face for C Delta 1-4:121
No speaker given for 'Biton Christou'
No face for C Delta 1-4:122
No speaker given for 'Fotini Dimitriadis'
No face for C Delta 1-4:123
No speaker given for 'Militiadis Manelia'
No face for C Delta 1-4:124
No speaker given for 'Sotiris Gikas'
No face for C Delta 1-4:125
No speaker given for 'Thanos Kammenou'
No face for C Delta 1-4:126
No speaker given for 'Sotiris Stanis'
No face for C Delta 1-4:127
No speaker given for 'Evripidis Manetta'
No face for C Delta 1-4:128
No speaker given for 'Nicolo Nicolau'
No face for C Delta 1-4:129
No speaker given for 'Costa Stanis'
No face for C Delta 1-4:130
No speaker given for 'Militiadis Papadopoulos'
No face for C Delta 1-4:131
No speaker given for 'Thamos Malas'
No face for C Delta 1-4:132
No speaker given for 'Panos Ioannou'
No face for C Delta 1-4:133
No speaker given for 'Thanos Ioannou'
No face for C Delta 1-4:134
No speaker given for 'Vasilis Elias'
No face for C Delta 1-4:135
No speaker given for 'Gamba Achebe'
No speaker given for 'Callum Campbell'
No speaker given for 'Archie Johnson'
Error: Object(2 : 652) not found
Error: Object(2 : 657) not found
Error: Object(2 : 659) not found
Error: Object(2 : 661) not found
Error: Object(2 : 695) not found
d:\bis\source\stable\futura\lib\network\networkserver.cpp NetworkServer::OnClientStateChanged:NOT IMPLEMENTED - briefing!
 Mission id: 6349fd492c9eadd1a57c5b8feb6b4d43e0a6d3a0
Attempt to override final function - bis_fnc_storeparamsvalues_data
"extDB3: Connected to Database"
"----------------------------------------------------------------------------------------------------"
"---------------------------------- Starting Altis Life Server Init ---------------------------------"
"------------------------------------------ Version 5.0.0 -------------------------------------------"
"----------------------------------------------------------------------------------------------------"
Strange convex component322 in a3\structures_f\research\dome_big_f.p3d:geometryFire
Strange convex component327 in a3\structures_f\research\dome_big_f.p3d:geometryFire
"Market prices generated!"
"Server FSM executed"
"----------------------------------------------------------------------------------------------------"
"               End of Altis Life Server Init :: Total Execution Time 0.199997 seconds "
"----------------------------------------------------------------------------------------------------"
"Server FSM timer"
Scripting function 'bis_fnc_execvm' is not allowed to be remotely executed
User zakyo (76561198396389855) tried to remoteExec a disabled function
Error: Object(4 : 5) not found
Scripting function 'bis_fnc_execvm' is not allowed to be remotely executed
User [Emekli]CEVHER (76561198159240032) tried to remoteExec a disabled function
Error: Object(7 : 5) not found
Error: Object(7 : 7) not found
Error: Object(7 : 8) not found
Error: Object(4 : 6) not found
Error: Object(4 : 8) not found
Error: Object(4 : 11) not found
Error: Object(4 : 12) not found
Error: Object(4 : 13) not found
Error: Object(4 : 15) not found
Error: Object(4 : 19) not found
Error: Object(4 : 23) not found
Error: Object(4 : 25) not found
Scripting function 'bis_fnc_execvm' is not allowed to be remotely executed
User mtaht (76561199022369751) tried to remoteExec a disabled function
Ragdoll - loading of ragdoll source "Soldier" started.
Ragdoll - loading of ragdoll source "Soldier" finished successfully.
No speaker given for 'Rhys Abbey'
Speaker Male01_F not found in CfgVoiceTypes
Scripting function 'bis_fnc_execvm' is not allowed to be remotely executed
User andol (76561198394513798) tried to remoteExec a disabled function
Scripting function 'mcc_fnc_vonradio' is not allowed to be remotely executed
User andol (76561198394513798) tried to remoteExec a disabled function
Error: Object(11 : 10) not found
Error: Object(11 : 11) not found
Error: Object(11 : 12) not found
Error: Object(11 : 13) not found
Error: Object(11 : 23) not found
Error: Object(11 : 22) not found
Error: Object(11 : 21) not found
Error: Object(11 : 24) not found
Server: Object 11:37 not found (message Type_124)
Server: Object 11:38 not found (message Type_124)
Server: Object 11:39 not found (message Type_124)
Server: Object 11:40 not found (message Type_124)
Server: Object 11:41 not found (message Type_124)
Server: Object 11:42 not found (message Type_124)
Server: Object 11:43 not found (message Type_124)
Server: Object 11:44 not found (message Type_124)
Error: Object(11 : 35) not found
Error: Object(11 : 26) not found
Error: Object(11 : 27) not found
Error: Object(11 : 28) not found
Error: Object(11 : 29) not found
Error: Object(11 : 30) not found
Error: Object(11 : 31) not found
Error: Object(11 : 32) not found
Error: Object(11 : 33) not found
Error: Object(11 : 34) not found
Error: Object(11 : 25) not found
Error: Object(11 : 36) not found
Error: Object(11 : 47) not found
Error: Object(11 : 48) not found
Error: Object(11 : 46) not found
Error: Object(11 : 45) not found
Speaker Male01_F not found in CfgVoiceTypes
Scripting function 'bis_fnc_execvm' is not allowed to be remotely executed
User SoloTrk [TRK] (76561198811523158) tried to remoteExec a disabled function
Error: Object(10 : 3) not found
Server: Object 11:46 not found (message Type_96)
Server: Object 11:45 not found (message Type_96)
Server: Object 11:46 not found (message Type_124)
Server: Object 11:45 not found (message Type_124)
Server: Object 11:46 not found (message Type_96)
Server: Object 11:45 not found (message Type_96)
Error: Object(10 : 7) not found
Error: Object(10 : 8) not found
Server: Object 11:46 not found (message Type_96)
Server: Object 11:45 not found (message Type_96)
Error: Object(10 : 9) not found
Error: Object(10 : 10) not found
Error: Object(10 : 11) not found
Error: Object(10 : 12) not found
Error: Object(10 : 13) not found
Error: Object(10 : 14) not found
Server: Object 11:45 not found (message Type_124)
Server: Object 11:46 not found (message Type_124)
Error: Object(10 : 15) not found
Error: Object(10 : 16) not found
Error: Object(10 : 17) not found
Error: Object(10 : 18) not found
Server: Object 11:46 not found (message Type_96)
Server: Object 11:45 not found (message Type_96)
Error: Object(10 : 20) not found
Error: Object(10 : 22) not found
Error: Object(10 : 24) not found
Error: Object(10 : 26) not found
Server: Object 11:46 not found (message Type_96)
Server: Object 11:45 not found (message Type_96)
Server: Object 11:45 not found (message Type_124)
Server: Object 11:46 not found (message Type_124)
Server: Object 11:46 not found (message Type_96)
Server: Object 11:45 not found (message Type_96)
Server: Object 11:46 not found (message Type_96)
Server: Object 11:45 not found (message Type_96)
Server: Object 11:46 not found (message Type_124)
Server: Object 11:45 not found (message Type_124)
Server: Object 11:46 not found (message Type_96)
Server: Object 11:45 not found (message Type_96)
Error: Object(11 : 50) not found
Error: Object(11 : 49) not found
Server: Object 11:46 not found (message Type_96)
Server: Object 11:45 not found (message Type_96)
Server: Object 11:45 not found (message Type_124)
Server: Object 11:46 not found (message Type_124)
Client: Remote object 11:0 not found
Warning: Cleanup player - person 11:51 not found
Scripting function 'bis_fnc_execvm' is not allowed to be remotely executed
User andol (76561198394513798) tried to remoteExec a disabled function
Scripting function 'mcc_fnc_vonradio' is not allowed to be remotely executed
User andol (76561198394513798) tried to remoteExec a disabled function
Error: Object(11 : 57) not found
Error: Object(11 : 58) not found
"[MARKET] marketChange called."
"+Market+ Correcting market value of oil_processed from 12000 to 12000 by 0"
"+Market+ Correcting market value of diamond_cut from 10500 to 10500 by 0"
"+Market+ Correcting market value of copper_refined from 5500 to 5500 by 0"
"+Market+ Correcting market value of iron_refined from 4500 to 4500 by 0"
"+Market+ Correcting market value of salt_refined from 7000 to 7000 by 0"
"+Market+ Correcting market value of glass from 7500 to 7500 by 0"
"+Market+ Correcting market value of cement from 6000 to 6000 by 0"
"+Market+ Correcting market value of goldbar from 100000 to 100000 by 0"
"+Market+ Correcting market value of marijuana from 7250 to 7250 by 0"
"+Market+ Correcting market value of cocaine_processed from 8000 to 8000 by 0"
"+Market+ Correcting market value of heroin_processed from 7650 to 7650 by 0"
"Server FSM timer"
Error: Object(10 : 29) not found
Error: Object(10 : 30) not found
Error: Object(10 : 28) not found
Error: Object(10 : 31) not found
Error: Object(10 : 33) not found
Error: Object(10 : 32) not found
Error: Object(10 : 34) not found
Error: Object(10 : 45) not found
Error: Object(10 : 44) not found
Error: Object(10 : 43) not found
Error: Object(10 : 46) not found
Error: Object(10 : 49) not found
unable to connect anim. source "Hit" to hitpoint "HitGear" in O_Plane_Fighter_02_F
Client: Remote object 9:0 not found
Error: Object(10 : 53) not found
Error: Object(10 : 51) not found
Error: Object(10 : 52) not found
Error: Object(10 : 54) not found
Error: Object(10 : 70) not found
Error: Object(10 : 67) not found
Error: Object(10 : 68) not found
Error: Object(10 : 69) not found
Error: Object(10 : 66) not found
Error: Object(10 : 71) not found
Error: Object(10 : 72) not found
Error: Object(10 : 73) not found
Error: Object(10 : 76) not found
Error: Object(10 : 75) not found
Error: Object(10 : 74) not found
Error: Object(10 : 77) not found
Server: Object 10:99 not found (message Type_124)
Server: Object 10:100 not found (message Type_124)
Error: Object(10 : 91) not found
Error: Object(10 : 82) not found
Error: Object(10 : 83) not found
Error: Object(10 : 84) not found
Error: Object(10 : 85) not found
Error: Object(10 : 86) not found
Error: Object(10 : 87) not found
Error: Object(10 : 88) not found
Error: Object(10 : 89) not found
Error: Object(10 : 90) not found
Error: Object(10 : 81) not found
Error: Object(10 : 92) not found
Error: Object(10 : 93) not found
Error: Object(10 : 94) not found
Error: Object(10 : 95) not found
Error: Object(10 : 96) not found
Error: Object(10 : 97) not found
Error: Object(10 : 98) not found
Error: Object(10 : 105) not found
Error: Object(10 : 102) not found
Error: Object(10 : 103) not found
Error: Object(10 : 104) not found
Error: Object(10 : 101) not found
Error: Object(10 : 106) not found
Error: Object(10 : 107) not found
Error: Object(10 : 108) not found
Error: Object(10 : 111) not found
Error: Object(10 : 110) not found
Error: Object(10 : 109) not found
Error: Object(10 : 112) not found
Server: Object 7:16 not found (message Type_96)
Server: Object 7:17 not found (message Type_96)
Server: Object 7:16 not found (message Type_96)
Server: Object 7:17 not found (message Type_96)
Server: Object 7:16 not found (message Type_96)
Server: Object 7:18 not found (message Type_96)
Server: Object 7:19 not found (message Type_96)
Server: Object 7:16 not found (message Type_96)
Server: Object 7:17 not found (message Type_96)
Server: Object 7:18 not found (message Type_96)
Server: Object 7:19 not found (message Type_96)
Server: Object 7:16 not found (message Type_96)
Server: Object 7:18 not found (message Type_96)
Server: Object 7:17 not found (message Type_96)
Server: Object 7:16 not found (message Type_96)
Server: Object 7:19 not found (message Type_96)
Server: Object 7:18 not found (message Type_96)
Server: Object 7:17 not found (message Type_96)
Server: Object 7:16 not found (message Type_96)
Server: Object 7:19 not found (message Type_96)
Server: Object 7:18 not found (message Type_96)
Server: Object 7:16 not found (message Type_96)
Server: Object 7:17 not found (message Type_96)
Server: Object 7:18 not found (message Type_96)
Server: Object 7:19 not found (message Type_96)
Server: Object 7:16 not found (message Type_96)
Server: Object 7:17 not found (message Type_96)
Server: Object 7:18 not found (message Type_96)
Server: Object 7:19 not found (message Type_96)
Server: Object 7:16 not found (message Type_96)
Server: Object 7:18 not found (message Type_96)
Server: Object 7:17 not found (message Type_96)
Server: Object 7:19 not found (message Type_96)
Server: Object 7:16 not found (message Type_96)
Server: Object 7:18 not found (message Type_96)
Server: Object 7:17 not found (message Type_96)
Server: Object 7:19 not found (message Type_96)
Server: Object 7:16 not found (message Type_96)
Server: Object 7:18 not found (message Type_96)
Server: Object 7:17 not found (message Type_96)
Server: Object 7:16 not found (message Type_96)
Server: Object 7:19 not found (message Type_96)
Server: Object 7:18 not found (message Type_96)
Server: Object 7:16 not found (message Type_96)
Server: Object 7:19 not found (message Type_96)
Server: Object 7:18 not found (message Type_96)
Server: Object 7:16 not found (message Type_96)
Server: Object 7:18 not found (message Type_96)
Server: Object 7:19 not found (message Type_96)
Server: Object 7:17 not found (message Type_96)
Server: Object 7:16 not found (message Type_96)
Server: Object 7:18 not found (message Type_96)
Server: Object 7:19 not found (message Type_96)
Server: Object 7:17 not found (message Type_96)
Server: Object 7:16 not found (message Type_96)
Server: Object 7:18 not found (message Type_96)
Server: Object 7:16 not found (message Type_96)
Server: Object 7:17 not found (message Type_96)
Server: Object 7:19 not found (message Type_96)
Server: Object 7:18 not found (message Type_96)
Server: Object 7:16 not found (message Type_96)
Server: Object 7:17 not found (message Type_96)
Server: Object 7:19 not found (message Type_96)
Server: Object 7:18 not found (message Type_96)
Server: Object 7:16 not found (message Type_96)
Server: Object 7:17 not found (message Type_96)
Server: Object 7:18 not found (message Type_96)
Server: Object 7:19 not found (message Type_96)
Server: Object 7:16 not found (message Type_96)
Server: Object 7:17 not found (message Type_96)
Server: Object 7:18 not found (message Type_96)
Server: Object 7:19 not found (message Type_96)
Server: Object 7:16 not found (message Type_96)
Server: Object 7:17 not found (message Type_96)
Server: Object 7:18 not found (message Type_96)
Server: Object 7:16 not found (message Type_96)
Server: Object 7:19 not found (message Type_96)
Server: Object 7:17 not found (message Type_96)
Server: Object 7:18 not found (message Type_96)
Server: Object 7:17 not found (message Type_96)
Server: Object 7:18 not found (message Type_96)
Server: Object 7:16 not found (message Type_96)
Server: Object 7:17 not found (message Type_96)
Server: Object 7:18 not found (message Type_96)
Server: Object 7:16 not found (message Type_96)
Server: Object 7:19 not found (message Type_96)
Server: Object 7:17 not found (message Type_96)
Server: Object 7:18 not found (message Type_96)
Server: Object 7:19 not found (message Type_96)
Server: Object 7:16 not found (message Type_96)
Server: Object 7:18 not found (message Type_96)
Server: Object 7:17 not found (message Type_96)
Server: Object 7:19 not found (message Type_96)
Server: Object 7:16 not found (message Type_96)
Server: Object 7:18 not found (message Type_96)
Server: Object 7:17 not found (message Type_96)
Server: Object 7:19 not found (message Type_96)
Server: Object 7:16 not found (message Type_96)
Server: Object 7:18 not found (message Type_96)
Server: Object 7:17 not found (message Type_96)
Server: Object 7:19 not found (message Type_96)
Server: Object 7:16 not found (message Type_96)
Server: Object 7:19 not found (message Type_96)
Server: Object 7:18 not found (message Type_96)
Server: Object 7:17 not found (message Type_96)
Server: Object 7:19 not found (message Type_96)
Server: Object 7:16 not found (message Type_96)
Server: Object 7:18 not found (message Type_96)
Server: Object 7:17 not found (message Type_96)
Server: Object 7:19 not found (message Type_96)
Server: Object 7:16 not found (message Type_96)
Server: Object 7:18 not found (message Type_96)
Server: Object 7:17 not found (message Type_96)
Server: Object 7:19 not found (message Type_96)
Server: Object 7:16 not found (message Type_96)
Server: Object 7:18 not found (message Type_96)
Server: Object 7:17 not found (message Type_96)
Server: Object 7:19 not found (message Type_96)
Server: Object 7:16 not found (message Type_96)
Server: Object 7:18 not found (message Type_96)
Server: Object 7:17 not found (message Type_96)
Server: Object 7:19 not found (message Type_96)
Server: Object 7:16 not found (message Type_96)
Server: Object 7:18 not found (message Type_96)
Server: Object 7:17 not found (message Type_96)
Server: Object 7:19 not found (message Type_96)
Server: Object 7:16 not found (message Type_96)
Server: Object 7:18 not found (message Type_96)
Server: Object 7:17 not found (message Type_96)
Server: Object 7:19 not found (message Type_96)
Server: Object 7:16 not found (message Type_96)
Server: Object 7:18 not found (message Type_96)
Server: Object 7:19 not found (message Type_96)
Server: Object 7:17 not found (message Type_96)
Server: Object 7:16 not found (message Type_96)
Server: Object 7:19 not found (message Type_96)
Server: Object 7:18 not found (message Type_96)
Server: Object 7:17 not found (message Type_96)
Server: Object 7:19 not found (message Type_96)
Server: Object 7:16 not found (message Type_96)
Server: Object 7:18 not found (message Type_96)
Server: Object 7:17 not found (message Type_96)
Server: Object 7:19 not found (message Type_96)
Server: Object 7:18 not found (message Type_96)
Server: Object 7:16 not found (message Type_96)
Server: Object 7:17 not found (message Type_96)
Server: Object 7:19 not found (message Type_96)
Server: Object 7:18 not found (message Type_96)
Server: Object 7:16 not found (message Type_96)
Server: Object 7:17 not found (message Type_96)
Server: Object 7:19 not found (message Type_96)
Server: Object 7:18 not found (message Type_96)
Server: Object 7:16 not found (message Type_96)
Server: Object 7:19 not found (message Type_96)
Server: Object 7:17 not found (message Type_96)
Server: Object 7:18 not found (message Type_96)
Server: Object 7:16 not found (message Type_96)
Server: Object 7:19 not found (message Type_96)
Server: Object 7:17 not found (message Type_96)
Server: Object 7:18 not found (message Type_96)
Server: Object 7:16 not found (message Type_96)
Server: Object 7:19 not found (message Type_96)
Server: Object 7:18 not found (message Type_96)
Server: Object 7:17 not found (message Type_96)
Server: Object 7:16 not found (message Type_96)
Server: Object 7:19 not found (message Type_96)
Server: Object 7:18 not found (message Type_96)
Server: Object 7:16 not found (message Type_96)
Server: Object 7:17 not found (message Type_96)
Server: Object 7:19 not found (message Type_96)
Server: Object 7:18 not found (message Type_96)
Server: Object 7:16 not found (message Type_96)
Server: Object 7:18 not found (message Type_96)
Server: Object 7:19 not found (message Type_96)
Server: Object 7:17 not found (message Type_96)
Server: Object 7:16 not found (message Type_96)
Server: Object 7:18 not found (message Type_96)
Server: Object 7:16 not found (message Type_96)
Server: Object 7:19 not found (message Type_96)
Server: Object 7:18 not found (message Type_96)
Server: Object 7:17 not found (message Type_96)
Server: Object 7:16 not found (message Type_96)
Server: Object 7:18 not found (message Type_96)
Server: Object 7:19 not found (message Type_96)
Server: Object 7:16 not found (message Type_96)
Server: Object 7:18 not found (message Type_96)
Server: Object 7:17 not found (message Type_96)
Server: Object 7:16 not found (message Type_96)
Server: Object 7:19 not found (message Type_96)
Server: Object 7:18 not found (message Type_96)
Server: Object 7:16 not found (message Type_96)
Server: Object 7:18 not found (message Type_96)
Server: Object 7:19 not found (message Type_96)
Server: Object 7:17 not found (message Type_96)
Server: Object 7:16 not found (message Type_96)
Server: Object 7:18 not found (message Type_96)
Server: Object 7:16 not found (message Type_96)
Server: Object 7:19 not found (message Type_96)
Server: Object 7:18 not found (message Type_96)
Server: Object 7:17 not found (message Type_96)
Server: Object 7:16 not found (message Type_96)
Server: Object 7:18 not found (message Type_96)
Server: Object 7:19 not found (message Type_96)
Server: Object 7:16 not found (message Type_96)
Server: Object 7:18 not found (message Type_96)
Server: Object 7:16 not found (message Type_96)
Server: Object 7:17 not found (message Type_96)
Server: Object 7:19 not found (message Type_96)
Server: Object 7:18 not found (message Type_96)
Server: Object 7:16 not found (message Type_96)
Server: Object 7:18 not found (message Type_96)
Server: Object 7:16 not found (message Type_96)
Server: Object 7:19 not found (message Type_96)
Server: Object 7:17 not found (message Type_96)
Server: Object 7:18 not found (message Type_96)
Server: Object 7:16 not found (message Type_96)
Server: Object 7:18 not found (message Type_96)
Server: Object 7:16 not found (message Type_96)
Server: Object 7:19 not found (message Type_96)
Client: Object 7:29 (type Type_96) not found.
Error: Object(7 : 30) not found
Error: Object(7 : 31) not found
Error: Object(7 : 32) not found
Error: Object(7 : 32) not found
Error: Object(7 : 33) not found
Error: Object(7 : 34) not found
Error: Object(7 : 35) not found
Error: Object(7 : 36) not found
Error: Object(7 : 38) not found
Error: Object(7 : 41) not found
Error: Object(7 : 42) not found
Error: Object(7 : 39) not found
Client: Remote object 7:0 not found
Warning: Cleanup player - person 2:1577 not found
Warning: Cleanup player - person 2:1577 not found
Client: Remote object 10:0 not found
Warning: Cleanup player - person 11:47 not found
Warning: Cleanup player - person 11:47 not found
"[MARKET] marketChange called."
"Server FSM timer"
Error in expression <

_modifier = (_amount * (_arr_resource select 4)); 

_price = _price - _modifie>
  Error position: <select 4)); 

_price = _price - _modifie>
  Error Zero divisor
File mpmissions\Altis_Life.Altis\core\market\fn_marketSell.sqf..., line 22
Error in expression <

_modifier = (_amount * (_arr_resource select 4)); 

_price = _price - _modifie>
  Error position: <select 4)); 

_price = _price - _modifie>
  Error Zero divisor
File mpmissions\Altis_Life.Altis\core\market\fn_marketSell.sqf..., line 22
"+Market+ Event drugm"
"[MARKET] marketChange called."
"Server FSM timer"
EPE manager release (0|17|0)
Deinitialized shape [Class: "C_Soldier_VR_F"; Shape: "a3\characters_f_bootcamp\common\vr_soldier_f.p3d";]
Deinitialized shape [Class: "C_CBRN_Man_Oversuit_01_Blue_F"; Shape: "a3\characters_f_enoch\uniforms\cbrn_suit_01_f.p3d";]
Deinitialized shape [Class: "I_E_Uniform_01_shortsleeve_F"; Shape: "a3\characters_f_enoch\uniforms\i_e_soldier_01_shortsleeve_f.p3d";]
Deinitialized shape [Class: "C_Uniform_ArtTShirt_01_v4_F"; Shape: "a3\characters_f\civil\arttshirt_01_f.p3d";]
Deinitialized shape [Class: "C_Orestes"; Shape: "a3\characters_f\civil\c_orestes.p3d";]
Deinitialized shape [Class: "b_soldier_survival_F"; Shape: "a3\characters_f_epa\blufor\b_soldier_survival_01.p3d";]
Deinitialized shape [Class: "B_soldier_AR_F"; Shape: "a3\characters_f\blufor\b_soldier_02.p3d";]
Deinitialized shape [Class: "Underwear_F"; Shape: "a3\characters_f\common\basicbody.p3d";]
Deinitialized shape [Class: "B_Soldier_F"; Shape: "a3\characters_f\blufor\b_soldier_01.p3d";]
Deinitialized shape [Class: "B_Fighter_Pilot_F"; Shape: "a3\characters_f\common\pilot_f.p3d";]
Deinitialized shape [Class: "B_Pilot_F"; Shape: "a3\characters_f\common\pilot_f.p3d";]
Deinitialized shape [Class: "O_helipilot_F"; Shape: "a3\characters_f\common\pilot_f.p3d";]
Deinitialized shape [Class: "C_journalist_F"; Shape: "a3\characters_f_epc\civil\c_journalist.p3d";]
Deinitialized shape [Class: "B_diver_F"; Shape: "a3\characters_f\common\diver_slotable.p3d";]
Deinitialized shape [Class: "O_officer_F"; Shape: "a3\characters_f\opfor\o_officer.p3d";]
Deinitialized shape [Class: "O_Soldier_F"; Shape: "a3\characters_f\opfor\o_soldier_01.p3d";]
Deinitialized shape [Class: "O_crew_F"; Shape: "a3\characters_f\opfor\o_soldier_01.p3d";]
Deinitialized shape [Class: "C_Marshal_F"; Shape: "a3\characters_f\civil\c_poloshirtpants.p3d";]
Deinitialized shape [Class: "B_RangeMaster_F"; Shape: "a3\characters_f\civil\c_poloshirtpants.p3d";]
Deinitialized shape [Class: "C_Nikos_aged"; Shape: "a3\characters_f_epc\civil\c_nikos_aged.p3d";]
Deinitialized shape [Class: "C_man_hunter_1_F"; Shape: "a3\characters_f\civil\c_hunter_f.p3d";]
Deinitialized shape [Class: "C_man_p_beggar_F_afro"; Shape: "a3\characters_f\civil\c_poor.p3d";]
Deinitialized shape [Class: "C_man_p_beggar_F"; Shape: "a3\characters_f\civil\c_poor.p3d";]
Deinitialized shape [Class: "C_man_p_fugitive_F_asia"; Shape: "a3\characters_f\civil\c_poor.p3d";]
Deinitialized shape [Class: "C_man_p_fugitive_F"; Shape: "a3\characters_f\civil\c_poor.p3d";]
Deinitialized shape [Class: "C_man_w_worker_F"; Shape: "a3\characters_f\common\coveralls.p3d";]
Deinitialized shape [Class: "C_man_1"; Shape: "a3\characters_f\civil\c_poloshirt.p3d";]
Deinitialized shape [Class: "C_man_polo_3_F"; Shape: "a3\characters_f\civil\c_poloshirt.p3d";]
Deinitialized shape [Class: "C_man_polo_6_F"; Shape: "a3\characters_f\civil\c_poloshirt.p3d";]
Deinitialized shape [Class: "C_man_p_shorts_1_F_afro"; Shape: "a3\characters_f\civil\c_poloshirt.p3d";]
Deinitialized shape [Class: "C_man_p_shorts_1_F"; Shape: "a3\characters_f\civil\c_poloshirt.p3d";]
Deinitialized shape [Class: "C_man_shorts_3_F_euro"; Shape: "a3\characters_f\civil\c_poloshirt.p3d";]
Deinitialized shape [Class: "C_man_shorts_3_F"; Shape: "a3\characters_f\civil\c_poloshirt.p3d";]
Deinitialized shape [Class: "C_man_polo_4_F"; Shape: "a3\characters_f\civil\c_poloshirt.p3d";]
Deinitialized shape [Class: "C_man_polo_5_F"; Shape: "a3\characters_f\civil\c_poloshirt.p3d";]
Deinitialized shape [Class: "C_man_polo_1_F"; Shape: "a3\characters_f\civil\c_poloshirt.p3d";]
Deinitialized shape [Class: "C_man_polo_2_F"; Shape: "a3\characters_f\civil\c_poloshirt.p3d";]
d:\bis\source\stable\futura\lib\network\networkserver.cpp ClearNetServer:NOT IMPLEMENTED - briefing!
Extensions:
  extDB3 (C:\Users\Administrator\Desktop\Arma 3 Server\@extDB3\extDB3_x64.dll) [extDB3 v1033 Windows]

