=====================================================================
== C:\Users\Administrator\Desktop\Arma 3 Server\arma3server_x64.exe
== "C:\Users\Administrator\Desktop\Arma 3 Server\arma3server_x64.exe"  -port=2302 "-config=C:\Users\Administrator\Desktop\Arma 3 Server\TADST\default\TADST_config.cfg" "-cfg=C:\Users\Administrator\Desktop\Arma 3 Server\TADST\default\TADST_basic.cfg" "-profiles=C:\Users\Administrator\Desktop\Arma 3 Server\TADST\default" -name=default -filePatching "-mod=@extDB3;@life_server" -autoInit

Original output filename: Arma3Retail_Server_x64
Exe timestamp: 2022/08/11 11:58:45
Current time:  2022/09/14 08:40:41

Type: Public
Build: Stable
Version: 2.10.149799

Allocator: C:\Users\Administrator\Desktop\Arma 3 Server\Dll\tbb4malloc_bi_x64.dll [2017.0.0.0] [2017.0.0.0]
PhysMem: 6.0 GiB, VirtMem : 131072 GiB, AvailPhys : 4.4 GiB, AvailVirt : 131068 GiB, AvailPage : 6.2 GiB, PageSize : 4.0 KiB/2.0 MiB/HasLockMemory, CPUCount : 4
=====================================================================

 8:40:41 SteamAPI initialization failed. Steam features won't be accessible!
 8:40:42 Initializing stats manager.
 8:40:42 Stats config disabled.
 8:40:42 sessionID: 28a135b684e0291ba1c2c248b8a76e89a71829dd
 8:41:10 Updating base class RscShortcutButton->RscButton, by a3\editor_f\config.bin/RscDisplayEditObject/Controls/B_OK/ (original bin\config.bin)
 8:41:10 Updating base class RscSliderH->RscXSliderH, by a3\editor_f\config.bin/RscDisplayEditObject/Slider/ (original bin\config.bin)
 8:41:10 Updating base class RscText->RscPicture, by a3\editor_f\config.bin/RscDisplayEditObject/Preview/ (original bin\config.bin)
 8:41:10 Updating base class RscShortcutButton->RscButton, by a3\editor_f\config.bin/RscDisplayMissionLoad/Controls/B_OK/ (original bin\config.bin)
 8:41:10 Updating base class RscShortcutButton->RscButton, by a3\editor_f\config.bin/RscDisplayMissionSave/Controls/B_OK/ (original bin\config.bin)
 8:41:10 Updating base class ->RscControlsGroup, by a3\ui_f\config.bin/RscControlsGroupNoScrollbars/ (original a3\ui_f\config.bin)
 8:41:10 Updating base class ->RscControlsGroup, by a3\ui_f\config.bin/RscControlsGroupNoHScrollbars/ (original a3\ui_f\config.bin)
 8:41:10 Updating base class ->RscControlsGroup, by a3\ui_f\config.bin/RscControlsGroupNoVScrollbars/ (original a3\ui_f\config.bin)
 8:41:10 Updating base class ->RscText, by a3\ui_f\config.bin/RscLine/ (original a3\ui_f\config.bin)
 8:41:10 Updating base class ->RscActiveText, by a3\ui_f\config.bin/RscActivePicture/ (original a3\ui_f\config.bin)
 8:41:10 Updating base class ->RscButton, by a3\ui_f\config.bin/RscButtonTextOnly/ (original a3\ui_f\config.bin)
 8:41:10 Updating base class ->RscShortcutButton, by a3\ui_f\config.bin/RscShortcutButtonMain/ (original a3\ui_f\config.bin)
 8:41:10 Updating base class ->RscShortcutButton, by a3\ui_f\config.bin/RscButtonEditor/ (original a3\ui_f\config.bin)
 8:41:10 Updating base class ->RscShortcutButton, by a3\ui_f\config.bin/RscIGUIShortcutButton/ (original a3\ui_f\config.bin)
 8:41:10 Updating base class ->RscShortcutButton, by a3\ui_f\config.bin/RscGearShortcutButton/ (original a3\ui_f\config.bin)
 8:41:10 Updating base class ->RscShortcutButton, by a3\ui_f\config.bin/RscButtonMenu/ (original a3\ui_f\config.bin)
 8:41:10 Updating base class ->RscButtonMenu, by a3\ui_f\config.bin/RscButtonMenuOK/ (original a3\ui_f\config.bin)
 8:41:10 Updating base class ->RscButtonMenu, by a3\ui_f\config.bin/RscButtonMenuCancel/ (original a3\ui_f\config.bin)
 8:41:10 Updating base class ->RscButtonMenu, by a3\ui_f\config.bin/RscButtonMenuSteam/ (original a3\ui_f\config.bin)
 8:41:10 Updating base class ->RscText, by a3\ui_f\config.bin/RscLoadingText/ (original a3\ui_f\config.bin)
 8:41:10 Updating base class ->RscListBox, by a3\ui_f\config.bin/RscIGUIListBox/ (original a3\ui_f\config.bin)
 8:41:10 Updating base class ->RscListNBox, by a3\ui_f\config.bin/RscIGUIListNBox/ (original a3\ui_f\config.bin)
 8:41:10 Updating base class ->RscText, by a3\ui_f\config.bin/RscBackground/ (original a3\ui_f\config.bin)
 8:41:10 Updating base class ->RscText, by a3\ui_f\config.bin/RscBackgroundGUI/ (original a3\ui_f\config.bin)
 8:41:10 Updating base class ->RscPicture, by a3\ui_f\config.bin/RscBackgroundGUILeft/ (original a3\ui_f\config.bin)
 8:41:10 Updating base class ->RscPicture, by a3\ui_f\config.bin/RscBackgroundGUIRight/ (original a3\ui_f\config.bin)
 8:41:10 Updating base class ->RscPicture, by a3\ui_f\config.bin/RscBackgroundGUIBottom/ (original a3\ui_f\config.bin)
 8:41:10 Updating base class ->RscText, by a3\ui_f\config.bin/RscBackgroundGUITop/ (original a3\ui_f\config.bin)
 8:41:10 Updating base class ->RscText, by a3\ui_f\config.bin/RscBackgroundGUIDark/ (original a3\ui_f\config.bin)
 8:41:10 Updating base class ->RscPictureKeepAspect, by a3\ui_f\config.bin/RscBackgroundLogo/ (original a3\ui_f\config.bin)
 8:41:10 Updating base class ->RscMapControl, by a3\ui_f\config.bin/RscMapControlEmpty/ (original a3\ui_f\config.bin)
 8:41:10 Updating base class ->RscPicture, by a3\ui_f\config.bin/CA_Mainback/ (original a3\ui_f\config.bin)
 8:41:10 Updating base class ->CA_Mainback, by a3\ui_f\config.bin/CA_Back/ (original a3\ui_f\config.bin)
 8:41:10 Updating base class ->CA_Mainback, by a3\ui_f\config.bin/CA_Title_Back/ (original a3\ui_f\config.bin)
 8:41:10 Updating base class ->CA_Mainback, by a3\ui_f\config.bin/CA_Black_Back/ (original a3\ui_f\config.bin)
 8:41:10 Updating base class ->RscTitle, by a3\ui_f\config.bin/CA_Title/ (original a3\ui_f\config.bin)
 8:41:10 Updating base class ->RscPictureKeepAspect, by a3\ui_f\config.bin/CA_Logo/ (original a3\ui_f\config.bin)
 8:41:10 Updating base class ->CA_Logo, by a3\ui_f\config.bin/CA_Logo_Small/ (original a3\ui_f\config.bin)
 8:41:10 Updating base class ->RscButton, by a3\ui_f\config.bin/CA_RscButton/ (original a3\ui_f\config.bin)
 8:41:10 Updating base class ->CA_RscButton, by a3\ui_f\config.bin/CA_RscButton_dialog/ (original a3\ui_f\config.bin)
 8:41:10 Updating base class ->RscActiveText, by a3\ui_f\config.bin/CA_Ok/ (original a3\ui_f\config.bin)
 8:41:10 Updating base class ->RscText, by a3\ui_f\config.bin/CA_Ok_image/ (original a3\ui_f\config.bin)
 8:41:10 Updating base class ->RscText, by a3\ui_f\config.bin/CA_Ok_image2/ (original a3\ui_f\config.bin)
 8:41:10 Updating base class ->RscText, by a3\ui_f\config.bin/CA_Ok_text/ (original a3\ui_f\config.bin)
 8:41:10 Updating base class ->RscPicture, by a3\ui_f\config.bin/RscVignette/ (original a3\ui_f\config.bin)
 8:41:10 Updating base class ->RscControlsGroupNoScrollbars, by a3\ui_f\config.bin/RscMapControlTooltip/ (original a3\ui_f\config.bin)
 8:41:10 Updating base class RscUnitInfo->RscUnitInfoAirNoWeapon, by a3\ui_f\config.bin/RscInGameUI/RscUnitInfoAir/ (original a3\ui_f\config.bin)
 8:41:10 Updating base class RscControlsGroup->RscControlsGroupNoScrollbars, by a3\ui_f\config.bin/RscInGameUI/RscTaskOverview/controls/TaskOverviewAssigned/ (original bin\config.bin)
 8:41:10 Updating base class RscShortcutButton->RscButtonMenu, by a3\ui_f\config.bin/RscDisplayDebug/Controls/B_OK/ (original bin\config.bin)
 8:41:10 Updating base class RscShortcutButton->RscButtonMenu, by a3\ui_f\config.bin/RscDisplayDebug/Controls/B_Cancel/ (original bin\config.bin)
 8:41:10 Updating base class RscShortcutButton->RscButtonMenu, by a3\ui_f\config.bin/RscDisplayDebug/Controls/B_Clear/ (original bin\config.bin)
 8:41:10 Updating base class ->RscText, by a3\ui_f\config.bin/RscDisplayCapture/controls/TimeLines/ (original bin\config.bin)
 8:41:10 Updating base class RscShortcutButton->RscButtonMenu, by a3\ui_f\config.bin/RscDisplayCapture/controls/ButtonAverages/ (original bin\config.bin)
 8:41:10 Updating base class RscShortcutButton->RscButtonMenu, by a3\ui_f\config.bin/RscDisplayCapture/controls/ButtonSavePreviousData/ (original bin\config.bin)
 8:41:10 Updating base class RscShortcutButton->RscButtonMenu, by a3\ui_f\config.bin/RscDisplayCapture/controls/ButtonPreviousData/ (original bin\config.bin)
 8:41:10 Updating base class RscPicture->RscPictureKeepAspect, by a3\ui_f\config.bin/RscDisplayMain/IconPicture/ (original bin\config.bin)
 8:41:10 Updating base class IconPicture->RscPictureKeepAspect, by a3\ui_f\config.bin/RscDisplayMain/DlcOwnedIconPicture/ (original a3\ui_f\config.bin)
 8:41:10 Updating base class IconPicture->RscPictureKeepAspect, by a3\ui_f\config.bin/RscDisplayMain/DlcIconPicture/ (original a3\ui_f\config.bin)
 8:41:10 Updating base class RscControlsGroup->RscControlsGroupNoScrollbars, by a3\ui_f\config.bin/RscDisplayCampaignLoad/controls/OverviewGroup/ (original bin\config.bin)
 8:41:10 Updating base class RscButton->RscButtonSearch, by a3\ui_f\config.bin/RscDisplayCampaignLoad/controls/SearchButton/ (original bin\config.bin)
 8:41:10 Updating base class RscShortcutButton->RscButtonMenuCancel, by a3\ui_f\config.bin/RscDisplayCampaignLoad/controls/ButtonCancel/ (original bin\config.bin)
 8:41:10 Updating base class RscShortcutButton->RscButtonMenu, by a3\ui_f\config.bin/RscDisplayCampaignLoad/controls/ButtonGameOptions/ (original bin\config.bin)
 8:41:10 Updating base class RscShortcutButton->RscButtonMenuSteam, by a3\ui_f\config.bin/RscDisplayCampaignLoad/controls/ButtonBuyDLC/ (original bin\config.bin)
 8:41:10 Updating base class RscShortcutButton->RscButtonMenu, by a3\ui_f\config.bin/RscDisplayCampaignLoad/controls/ButtonRevert/ (original bin\config.bin)
 8:41:10 Updating base class RscShortcutButton->RscButtonMenuOK, by a3\ui_f\config.bin/RscDisplayCampaignLoad/controls/ButtonOK/ (original bin\config.bin)
 8:41:10 Updating base class RscListBox->RscCombo, by a3\ui_f\config.bin/RscDisplayCustomizeController/Steepness/ (original bin\config.bin)
 8:41:10 Updating base class ->RscStandardDisplay, by a3\ui_f\config.bin/RscDisplayControlSchemes/ (original bin\config.bin)
 8:41:10 Updating base class ButtonOK->RscButtonMenuCancel, by a3\ui_f\config.bin/RscDisplayControlSchemes/controls/ButtonCancel/ (original bin\config.bin)
 8:41:10 Updating base class RscButton->RscButtonMenuOK, by a3\ui_f\config.bin/RscDisplayControlSchemes/controls/ButtonOK/ (original bin\config.bin)
 8:41:10 Updating base class RscPicture->RscPictureKeepAspect, by a3\ui_f\config.bin/RscDisplayFileSelectImage/controls/OverviewPicture/ (original bin\config.bin)
 8:41:10 Updating base class RscShortcutButton->RscButtonMenuCancel, by a3\ui_f\config.bin/RscDisplayFieldManual/Controls/ButtonCancel/ (original bin\config.bin)
 8:41:10 Cannot delete class B_KickOff, it is referenced somewhere (used as a base class probably).
 8:41:10 Updating base class RscButton->RscButtonMenuCancel, by a3\ui_f\config.bin/RscDisplayPublishMission/controls/ButtonCancel/ (original bin\config.bin)
 8:41:10 Updating base class RscShortcutButton->RscButtonMenuOK, by a3\ui_f\config.bin/RscDisplayPublishMissionSelectTags/controls/ButtonOK/ (original bin\config.bin)
 8:41:10 Updating base class ButtonOK->RscButtonMenuCancel, by a3\ui_f\config.bin/RscDisplayPublishMissionSelectTags/controls/ButtonCancel/ (original bin\config.bin)
 8:41:10 Updating base class ->RscSubmenu, by a3\ui_f\config.bin/RscMainMenu/ (original bin\config.bin)
 8:41:10 Updating base class ->DistanceClose, by a3\ui_f\config.bin/CfgSimpleTasks/Icon3D/DistanceMid/ (original bin\config.bin)
 8:41:10 Updating base class ->DistanceClose, by a3\ui_f\config.bin/CfgSimpleTasks/Icon3D/DistanceLong/ (original bin\config.bin)
 8:41:11 Updating base class ->ctrlDefaultText, by a3\3den\config.bin/ctrlStatic/ (original a3\3den\config.bin)
 8:41:11 Updating base class ->ctrlActiveText, by a3\3den\config.bin/ctrlActivePicture/ (original a3\3den\config.bin)
 8:41:11 Updating base class ->ctrlDefaultText, by a3\3den\config.bin/ctrlStructuredText/ (original a3\3den\config.bin)
 8:41:11 Updating base class ->ctrlControlsGroup, by a3\3den\config.bin/ctrlControlsGroupNoScrollbars/ (original a3\3den\config.bin)
 8:41:11 Updating base class ->ctrlDefault, by a3\3den\config.bin/ctrlCheckbox/ (original a3\3den\config.bin)
 8:41:11 Updating base class ->ctrlCheckbox, by a3\3den\config.bin/ctrlCheckboxBaseline/ (original a3\3den\config.bin)
 8:41:11 Updating base class RscText->ctrlStaticBackgroundDisable, by a3\3den\config.bin/RscDisplayOptionsAudio/ControlsBackground/BackgroundDisable/ (original a3\3den\config.bin)
 8:41:11 Updating base class RscText->ctrlStaticBackgroundDisableTiles, by a3\3den\config.bin/RscDisplayOptionsAudio/ControlsBackground/BackgroundDisableTiles/ (original a3\3den\config.bin)
 8:41:11 Updating base class RscText->ctrlStaticBackgroundDisable, by a3\3den\config.bin/RscDisplayConfigure/ControlsBackground/BackgroundDisable/ (original a3\3den\config.bin)
 8:41:11 Updating base class RscText->ctrlStaticBackgroundDisableTiles, by a3\3den\config.bin/RscDisplayConfigure/ControlsBackground/BackgroundDisableTiles/ (original a3\3den\config.bin)
 8:41:11 Updating base class RscText->ctrlStaticBackgroundDisable, by a3\3den\config.bin/RscDisplayConfigureAction/ControlsBackground/BackgroundDisable/ (original a3\3den\config.bin)
 8:41:11 Updating base class RscText->ctrlStaticBackgroundDisableTiles, by a3\3den\config.bin/RscDisplayConfigureAction/ControlsBackground/BackgroundDisableTiles/ (original a3\3den\config.bin)
 8:41:11 Updating base class RscText->ctrlStaticBackgroundDisable, by a3\3den\config.bin/RscDisplayConfigureControllers/ControlsBackground/BackgroundDisable/ (original a3\3den\config.bin)
 8:41:11 Updating base class RscText->ctrlStaticBackgroundDisableTiles, by a3\3den\config.bin/RscDisplayConfigureControllers/ControlsBackground/BackgroundDisableTiles/ (original a3\3den\config.bin)
 8:41:11 Updating base class RscText->ctrlStaticBackgroundDisable, by a3\3den\config.bin/RscDisplayGameOptions/ControlsBackground/BackgroundDisable/ (original a3\3den\config.bin)
 8:41:11 Updating base class RscText->ctrlStaticBackgroundDisableTiles, by a3\3den\config.bin/RscDisplayGameOptions/ControlsBackground/BackgroundDisableTiles/ (original a3\3den\config.bin)
 8:41:11 Updating base class controls->, by a3\3den\config.bin/RscDisplayArcadeMap_Layout_2/Controls/ (original a3\ui_f\config.bin)
 8:41:11 Updating base class controls->, by a3\3den\config.bin/RscDisplayArcadeMap_Layout_6/Controls/ (original a3\ui_f\config.bin)
 8:41:11 Updating base class ->ctrlControlsGroupNoScrollbars, by a3\3den\config.bin/Cfg3DEN/Attributes/Default/ (original a3\3den\config.bin)
 8:41:11 Updating base class ->ctrlStatic, by a3\3den\config.bin/Cfg3DEN/Attributes/Title/Controls/Title/ (original a3\3den\config.bin)
 8:41:11 Updating base class ->ctrlToolbox, by a3\3den\config.bin/Cfg3DEN/Attributes/Toolbox/Controls/Value/ (original a3\3den\config.bin)
 8:41:14 Initializing Steam Manager
 8:41:14 Steam Manager initialized.
 8:41:14 
 8:41:14 ==== Loaded addons ====
 8:41:14 
 8:41:14 dta\bin.pbo - 149799
 8:41:14 dta\core.pbo - 129618
 8:41:14 dta\languagecore_f.pbo - 150327
 8:41:14 C:\Users\Administrator\Desktop\Arma 3 Server\@life_server\addons\life_server.pbo - unknown
 8:41:14 C:\Users\Administrator\Desktop\Arma 3 Server\@extDB3\addons\extdb3.pbo - unknown
 8:41:14 C:\Users\Administrator\Desktop\Arma 3 Server\aow\addons\anims_f_aow.pbo - 149768
 8:41:14 C:\Users\Administrator\Desktop\Arma 3 Server\aow\addons\characters_f_aow.pbo - 149965
 8:41:14 C:\Users\Administrator\Desktop\Arma 3 Server\aow\addons\data_f_aow.pbo - 149928
 8:41:14 C:\Users\Administrator\Desktop\Arma 3 Server\aow\addons\dubbing_f_aow.pbo - 149901
 8:41:14 C:\Users\Administrator\Desktop\Arma 3 Server\aow\addons\editorpreviews_f_aow.pbo - 149909
 8:41:14 C:\Users\Administrator\Desktop\Arma 3 Server\aow\addons\functions_f_aow.pbo - 149593
 8:41:14 C:\Users\Administrator\Desktop\Arma 3 Server\aow\addons\languagemissions_f_aow.pbo - 150220
 8:41:14 C:\Users\Administrator\Desktop\Arma 3 Server\aow\addons\language_f_aow.pbo - 150220
 8:41:14 C:\Users\Administrator\Desktop\Arma 3 Server\aow\addons\missions_f_aow.pbo - 150217
 8:41:14 C:\Users\Administrator\Desktop\Arma 3 Server\aow\addons\missions_f_aow_data.pbo - 150217
 8:41:14 C:\Users\Administrator\Desktop\Arma 3 Server\aow\addons\missions_f_aow_video.pbo - 149837
 8:41:14 C:\Users\Administrator\Desktop\Arma 3 Server\aow\addons\props_f_aow.pbo - 150286
 8:41:14 C:\Users\Administrator\Desktop\Arma 3 Server\aow\addons\sounds_f_aow.pbo - 149668
 8:41:14 C:\Users\Administrator\Desktop\Arma 3 Server\aow\addons\structures_f_aow.pbo - 149883
 8:41:14 C:\Users\Administrator\Desktop\Arma 3 Server\aow\addons\supplies_f_aow.pbo - 150149
 8:41:14 C:\Users\Administrator\Desktop\Arma 3 Server\aow\addons\ui_f_aow.pbo - 149917
 8:41:14 C:\Users\Administrator\Desktop\Arma 3 Server\enoch\addons\air_f_enoch.pbo - 145904
 8:41:14 C:\Users\Administrator\Desktop\Arma 3 Server\enoch\addons\anims_f_enoch.pbo - 149965
 8:41:14 C:\Users\Administrator\Desktop\Arma 3 Server\enoch\addons\armor_f_enoch.pbo - 145904
 8:41:14 C:\Users\Administrator\Desktop\Arma 3 Server\enoch\addons\cargoposes_f_enoch.pbo - 142478
 8:41:14 C:\Users\Administrator\Desktop\Arma 3 Server\enoch\addons\characters_f_enoch.pbo - 149965
 8:41:14 C:\Users\Administrator\Desktop\Arma 3 Server\enoch\addons\data_f_enoch.pbo - 150070
 8:41:14 C:\Users\Administrator\Desktop\Arma 3 Server\enoch\addons\dubbing_radio_f_enoch.pbo - 150070
 8:41:14 C:\Users\Administrator\Desktop\Arma 3 Server\enoch\addons\dubbing_radio_f_enoch_data.pbo - 150020
 8:41:14 C:\Users\Administrator\Desktop\Arma 3 Server\enoch\addons\editorpreviews_f_enoch.pbo - 145440
 8:41:14 C:\Users\Administrator\Desktop\Arma 3 Server\enoch\addons\functions_f_enoch.pbo - 148356
 8:41:14 C:\Users\Administrator\Desktop\Arma 3 Server\enoch\addons\languagemissions_f_enoch.pbo - 150220
 8:41:14 C:\Users\Administrator\Desktop\Arma 3 Server\enoch\addons\language_f_enoch.pbo - 150220
 8:41:14 C:\Users\Administrator\Desktop\Arma 3 Server\enoch\addons\map_enoch.pbo - 150292
 8:41:14 C:\Users\Administrator\Desktop\Arma 3 Server\enoch\addons\map_enoch_data.pbo - 145274
 8:41:14 C:\Users\Administrator\Desktop\Arma 3 Server\enoch\addons\map_enoch_data_layers.pbo - 146184
 8:41:14 C:\Users\Administrator\Desktop\Arma 3 Server\enoch\addons\map_enoch_scenes_f.pbo - 143336
 8:41:14 C:\Users\Administrator\Desktop\Arma 3 Server\enoch\addons\missions_f_enoch.pbo - 149487
 8:41:14 C:\Users\Administrator\Desktop\Arma 3 Server\enoch\addons\music_f_enoch.pbo - 147472
 8:41:14 C:\Users\Administrator\Desktop\Arma 3 Server\enoch\addons\music_f_enoch_music.pbo - 147127
 8:41:14 C:\Users\Administrator\Desktop\Arma 3 Server\enoch\addons\props_f_enoch.pbo - 150309
 8:41:14 C:\Users\Administrator\Desktop\Arma 3 Server\enoch\addons\rocks_f_enoch.pbo - 148432
 8:41:14 C:\Users\Administrator\Desktop\Arma 3 Server\enoch\addons\soft_f_enoch.pbo - 150071
 8:41:14 C:\Users\Administrator\Desktop\Arma 3 Server\enoch\addons\sounds_f_enoch.pbo - 150286
 8:41:14 C:\Users\Administrator\Desktop\Arma 3 Server\enoch\addons\static_f_enoch.pbo - 145904
 8:41:14 C:\Users\Administrator\Desktop\Arma 3 Server\enoch\addons\structures_f_enoch.pbo - 148551
 8:41:14 C:\Users\Administrator\Desktop\Arma 3 Server\enoch\addons\structures_f_enoch_civilian.pbo - 150270
 8:41:14 C:\Users\Administrator\Desktop\Arma 3 Server\enoch\addons\structures_f_enoch_commercial.pbo - 148419
 8:41:14 C:\Users\Administrator\Desktop\Arma 3 Server\enoch\addons\structures_f_enoch_cultural.pbo - 148739
 8:41:14 C:\Users\Administrator\Desktop\Arma 3 Server\enoch\addons\structures_f_enoch_data.pbo - 148419
 8:41:14 C:\Users\Administrator\Desktop\Arma 3 Server\enoch\addons\structures_f_enoch_furniture.pbo - 148419
 8:41:14 C:\Users\Administrator\Desktop\Arma 3 Server\enoch\addons\structures_f_enoch_industrial.pbo - 148804
 8:41:14 C:\Users\Administrator\Desktop\Arma 3 Server\enoch\addons\structures_f_enoch_infrastructure.pbo - 148551
 8:41:14 C:\Users\Administrator\Desktop\Arma 3 Server\enoch\addons\structures_f_enoch_military.pbo - 150174
 8:41:14 C:\Users\Administrator\Desktop\Arma 3 Server\enoch\addons\supplies_f_enoch.pbo - 150249
 8:41:14 C:\Users\Administrator\Desktop\Arma 3 Server\enoch\addons\ui_f_enoch.pbo - 147095
 8:41:14 C:\Users\Administrator\Desktop\Arma 3 Server\enoch\addons\vegetation_f_enoch.pbo - 150192
 8:41:14 C:\Users\Administrator\Desktop\Arma 3 Server\enoch\addons\weapons_f_enoch.pbo - 150213
 8:41:14 C:\Users\Administrator\Desktop\Arma 3 Server\tank\addons\armor_f_tank.pbo - 150292
 8:41:14 C:\Users\Administrator\Desktop\Arma 3 Server\tank\addons\cargoposes_f_tank.pbo - 128283
 8:41:14 C:\Users\Administrator\Desktop\Arma 3 Server\tank\addons\characters_f_tank.pbo - 148392
 8:41:14 C:\Users\Administrator\Desktop\Arma 3 Server\tank\addons\data_f_tank.pbo - 128203
 8:41:14 C:\Users\Administrator\Desktop\Arma 3 Server\tank\addons\dubbing_f_tank.pbo - 127958
 8:41:14 C:\Users\Administrator\Desktop\Arma 3 Server\tank\addons\editorpreviews_f_tank.pbo - 137875
 8:41:14 C:\Users\Administrator\Desktop\Arma 3 Server\tank\addons\functions_f_tank.pbo - 125996
 8:41:14 C:\Users\Administrator\Desktop\Arma 3 Server\tank\addons\languagemissions_f_tank.pbo - 150220
 8:41:14 C:\Users\Administrator\Desktop\Arma 3 Server\tank\addons\language_f_tank.pbo - 150220
 8:41:14 C:\Users\Administrator\Desktop\Arma 3 Server\tank\addons\missions_f_tank.pbo - 150028
 8:41:14 C:\Users\Administrator\Desktop\Arma 3 Server\tank\addons\missions_f_tank_data.pbo - 128937
 8:41:14 C:\Users\Administrator\Desktop\Arma 3 Server\tank\addons\modules_f_tank.pbo - 147857
 8:41:14 C:\Users\Administrator\Desktop\Arma 3 Server\tank\addons\music_f_tank.pbo - 127912
 8:41:14 C:\Users\Administrator\Desktop\Arma 3 Server\tank\addons\props_f_tank.pbo - 131702
 8:41:14 C:\Users\Administrator\Desktop\Arma 3 Server\tank\addons\sounds_f_tank.pbo - 143095
 8:41:14 C:\Users\Administrator\Desktop\Arma 3 Server\tank\addons\structures_f_tank.pbo - 150249
 8:41:14 C:\Users\Administrator\Desktop\Arma 3 Server\tank\addons\ui_f_tank.pbo - 148551
 8:41:14 C:\Users\Administrator\Desktop\Arma 3 Server\tank\addons\weapons_f_tank.pbo - 150213
 8:41:14 C:\Users\Administrator\Desktop\Arma 3 Server\tacops\addons\characters_f_tacops.ebo - 129739
 8:41:14 C:\Users\Administrator\Desktop\Arma 3 Server\tacops\addons\data_f_tacops.ebo - 150102
 8:41:14 C:\Users\Administrator\Desktop\Arma 3 Server\tacops\addons\dubbing_f_tacops.ebo - 129340
 8:41:14 C:\Users\Administrator\Desktop\Arma 3 Server\tacops\addons\functions_f_tacops.ebo - 150182
 8:41:14 C:\Users\Administrator\Desktop\Arma 3 Server\tacops\addons\languagemissions_f_tacops.ebo - 150220
 8:41:14 C:\Users\Administrator\Desktop\Arma 3 Server\tacops\addons\language_f_tacops.ebo - 150220
 8:41:14 C:\Users\Administrator\Desktop\Arma 3 Server\tacops\addons\missions_f_tacops.ebo - 144976
 8:41:14 C:\Users\Administrator\Desktop\Arma 3 Server\tacops\addons\modules_f_tacops.ebo - 150149
 8:41:14 C:\Users\Administrator\Desktop\Arma 3 Server\tacops\addons\music_f_tacops.ebo - 124064
 8:41:14 C:\Users\Administrator\Desktop\Arma 3 Server\tacops\addons\sounds_f_tacops.ebo - 123795
 8:41:14 C:\Users\Administrator\Desktop\Arma 3 Server\tacops\addons\ui_f_tacops.ebo - 148551
 8:41:14 C:\Users\Administrator\Desktop\Arma 3 Server\orange\addons\air_f_orange.pbo - 150020
 8:41:14 C:\Users\Administrator\Desktop\Arma 3 Server\orange\addons\cargoposes_f_orange.pbo - 126225
 8:41:14 C:\Users\Administrator\Desktop\Arma 3 Server\orange\addons\characters_f_orange.pbo - 148442
 8:41:14 C:\Users\Administrator\Desktop\Arma 3 Server\orange\addons\data_f_orange.pbo - 144284
 8:41:14 C:\Users\Administrator\Desktop\Arma 3 Server\orange\addons\dubbing_f_orange.pbo - 121689
 8:41:14 C:\Users\Administrator\Desktop\Arma 3 Server\orange\addons\editorpreviews_f_orange.pbo - 123173
 8:41:14 C:\Users\Administrator\Desktop\Arma 3 Server\orange\addons\functions_f_orange.pbo - 149339
 8:41:14 C:\Users\Administrator\Desktop\Arma 3 Server\orange\addons\languagemissions_f_orange.pbo - 150220
 8:41:14 C:\Users\Administrator\Desktop\Arma 3 Server\orange\addons\language_f_orange.pbo - 150220
 8:41:14 C:\Users\Administrator\Desktop\Arma 3 Server\orange\addons\missions_f_orange.pbo - 150176
 8:41:14 C:\Users\Administrator\Desktop\Arma 3 Server\orange\addons\modules_f_orange.pbo - 143632
 8:41:14 C:\Users\Administrator\Desktop\Arma 3 Server\orange\addons\music_f_orange.pbo - 120725
 8:41:14 C:\Users\Administrator\Desktop\Arma 3 Server\orange\addons\props_f_orange.pbo - 148864
 8:41:14 C:\Users\Administrator\Desktop\Arma 3 Server\orange\addons\soft_f_orange.pbo - 150071
 8:41:14 C:\Users\Administrator\Desktop\Arma 3 Server\orange\addons\sounds_f_orange.pbo - 145695
 8:41:14 C:\Users\Administrator\Desktop\Arma 3 Server\orange\addons\structures_f_orange.pbo - 147636
 8:41:14 C:\Users\Administrator\Desktop\Arma 3 Server\orange\addons\supplies_f_orange.pbo - 129371
 8:41:14 C:\Users\Administrator\Desktop\Arma 3 Server\orange\addons\ui_f_orange.pbo - 149706
 8:41:14 C:\Users\Administrator\Desktop\Arma 3 Server\orange\addons\weapons_f_orange.pbo - 149274
 8:41:14 C:\Users\Administrator\Desktop\Arma 3 Server\argo\addons\armor_f_argo.pbo - 129739
 8:41:14 C:\Users\Administrator\Desktop\Arma 3 Server\argo\addons\characters_f_patrol.pbo - 149127
 8:41:14 C:\Users\Administrator\Desktop\Arma 3 Server\argo\addons\data_f_argo.pbo - 128209
 8:41:14 C:\Users\Administrator\Desktop\Arma 3 Server\argo\addons\data_f_patrol.pbo - 141307
 8:41:14 C:\Users\Administrator\Desktop\Arma 3 Server\argo\addons\editorpreviews_f_argo.pbo - 142758
 8:41:14 C:\Users\Administrator\Desktop\Arma 3 Server\argo\addons\functions_f_patrol.pbo - 141510
 8:41:14 C:\Users\Administrator\Desktop\Arma 3 Server\argo\addons\languagemissions_f_patrol.pbo - 150220
 8:41:14 C:\Users\Administrator\Desktop\Arma 3 Server\argo\addons\language_f_argo.pbo - 150220
 8:41:14 C:\Users\Administrator\Desktop\Arma 3 Server\argo\addons\language_f_patrol.pbo - 150220
 8:41:14 C:\Users\Administrator\Desktop\Arma 3 Server\argo\addons\map_malden.pbo - 150292
 8:41:14 C:\Users\Administrator\Desktop\Arma 3 Server\argo\addons\map_malden_data.pbo - 135888
 8:41:14 C:\Users\Administrator\Desktop\Arma 3 Server\argo\addons\map_malden_data_layers.pbo - 135888
 8:41:14 C:\Users\Administrator\Desktop\Arma 3 Server\argo\addons\map_malden_scenes_f.pbo - 120026
 8:41:14 C:\Users\Administrator\Desktop\Arma 3 Server\argo\addons\missions_f_patrol.pbo - 126663
 8:41:14 C:\Users\Administrator\Desktop\Arma 3 Server\argo\addons\modules_f_patrol.pbo - 119459
 8:41:14 C:\Users\Administrator\Desktop\Arma 3 Server\argo\addons\music_f_argo.pbo - 119459
 8:41:14 C:\Users\Administrator\Desktop\Arma 3 Server\argo\addons\props_f_argo.pbo - 129371
 8:41:14 C:\Users\Administrator\Desktop\Arma 3 Server\argo\addons\rocks_f_argo.pbo - 148432
 8:41:14 C:\Users\Administrator\Desktop\Arma 3 Server\argo\addons\sounds_f_patrol.pbo - 119477
 8:41:14 C:\Users\Administrator\Desktop\Arma 3 Server\argo\addons\structures_f_argo.pbo - 150265
 8:41:14 C:\Users\Administrator\Desktop\Arma 3 Server\argo\addons\ui_f_patrol.pbo - 141307
 8:41:14 C:\Users\Administrator\Desktop\Arma 3 Server\argo\addons\vegetation_f_argo.pbo - 148432
 8:41:14 C:\Users\Administrator\Desktop\Arma 3 Server\argo\addons\weapons_f_patrol.pbo - 141307
 8:41:14 C:\Users\Administrator\Desktop\Arma 3 Server\jets\addons\air_f_jets.pbo - 146744
 8:41:14 C:\Users\Administrator\Desktop\Arma 3 Server\jets\addons\anims_f_jets.pbo - 123210
 8:41:14 C:\Users\Administrator\Desktop\Arma 3 Server\jets\addons\boat_f_destroyer.pbo - 143297
 8:41:14 C:\Users\Administrator\Desktop\Arma 3 Server\jets\addons\boat_f_jets.pbo - 150071
 8:41:14 C:\Users\Administrator\Desktop\Arma 3 Server\jets\addons\cargoposes_f_jets.pbo - 126225
 8:41:14 C:\Users\Administrator\Desktop\Arma 3 Server\jets\addons\characters_f_jets.pbo - 129739
 8:41:14 C:\Users\Administrator\Desktop\Arma 3 Server\jets\addons\data_f_destroyer.pbo - 132156
 8:41:14 C:\Users\Administrator\Desktop\Arma 3 Server\jets\addons\data_f_jets.pbo - 146856
 8:41:14 C:\Users\Administrator\Desktop\Arma 3 Server\jets\addons\data_f_sams.pbo - 132140
 8:41:14 C:\Users\Administrator\Desktop\Arma 3 Server\jets\addons\dubbing_f_jets.pbo - 119457
 8:41:14 C:\Users\Administrator\Desktop\Arma 3 Server\jets\addons\editorpreviews_f_destroyer.pbo - 132141
 8:41:14 C:\Users\Administrator\Desktop\Arma 3 Server\jets\addons\editorpreviews_f_jets.pbo - 119457
 8:41:14 C:\Users\Administrator\Desktop\Arma 3 Server\jets\addons\editorpreviews_f_sams.pbo - 132141
 8:41:14 C:\Users\Administrator\Desktop\Arma 3 Server\jets\addons\functions_f_destroyer.pbo - 150071
 8:41:14 C:\Users\Administrator\Desktop\Arma 3 Server\jets\addons\functions_f_jets.pbo - 119457
 8:41:14 C:\Users\Administrator\Desktop\Arma 3 Server\jets\addons\languagemissions_f_jets.pbo - 150220
 8:41:14 C:\Users\Administrator\Desktop\Arma 3 Server\jets\addons\language_f_destroyer.pbo - 150220
 8:41:14 C:\Users\Administrator\Desktop\Arma 3 Server\jets\addons\language_f_jets.pbo - 150220
 8:41:14 C:\Users\Administrator\Desktop\Arma 3 Server\jets\addons\language_f_sams.pbo - 150220
 8:41:14 C:\Users\Administrator\Desktop\Arma 3 Server\jets\addons\missions_f_jets.pbo - 130755
 8:41:14 C:\Users\Administrator\Desktop\Arma 3 Server\jets\addons\modules_f_jets.pbo - 119459
 8:41:14 C:\Users\Administrator\Desktop\Arma 3 Server\jets\addons\music_f_jets.pbo - 119459
 8:41:14 C:\Users\Administrator\Desktop\Arma 3 Server\jets\addons\props_f_destroyer.pbo - 132141
 8:41:14 C:\Users\Administrator\Desktop\Arma 3 Server\jets\addons\props_f_jets.pbo - 129371
 8:41:14 C:\Users\Administrator\Desktop\Arma 3 Server\jets\addons\sounds_f_jets.pbo - 141706
 8:41:14 C:\Users\Administrator\Desktop\Arma 3 Server\jets\addons\static_f_destroyer.pbo - 140243
 8:41:14 C:\Users\Administrator\Desktop\Arma 3 Server\jets\addons\static_f_jets.pbo - 146744
 8:41:14 C:\Users\Administrator\Desktop\Arma 3 Server\jets\addons\static_f_sams.pbo - 146744
 8:41:14 C:\Users\Administrator\Desktop\Arma 3 Server\jets\addons\ui_f_jets.pbo - 126137
 8:41:14 C:\Users\Administrator\Desktop\Arma 3 Server\jets\addons\weapons_f_destroyer.pbo - 132268
 8:41:14 C:\Users\Administrator\Desktop\Arma 3 Server\jets\addons\weapons_f_jets.pbo - 148847
 8:41:14 C:\Users\Administrator\Desktop\Arma 3 Server\jets\addons\weapons_f_sams.pbo - 149414
 8:41:14 C:\Users\Administrator\Desktop\Arma 3 Server\expansion\addons\air_f_exp.pbo - 150071
 8:41:14 C:\Users\Administrator\Desktop\Arma 3 Server\expansion\addons\anims_f_exp.pbo - 126506
 8:41:14 C:\Users\Administrator\Desktop\Arma 3 Server\expansion\addons\armor_f_exp.pbo - 141671
 8:41:14 C:\Users\Administrator\Desktop\Arma 3 Server\expansion\addons\boat_f_exp.pbo - 150071
 8:41:14 C:\Users\Administrator\Desktop\Arma 3 Server\expansion\addons\cargoposes_f_exp.pbo - 126224
 8:41:14 C:\Users\Administrator\Desktop\Arma 3 Server\expansion\addons\characters_f_exp.pbo - 150282
 8:41:14 C:\Users\Administrator\Desktop\Arma 3 Server\expansion\addons\characters_f_oldman.pbo - 148698
 8:41:14 C:\Users\Administrator\Desktop\Arma 3 Server\expansion\addons\data_f_exp.pbo - 148936
 8:41:14 C:\Users\Administrator\Desktop\Arma 3 Server\expansion\addons\data_f_oldman.pbo - 148580
 8:41:14 C:\Users\Administrator\Desktop\Arma 3 Server\expansion\addons\dubbing_f_exp.pbo - 119457
 8:41:14 C:\Users\Administrator\Desktop\Arma 3 Server\expansion\addons\dubbing_f_oldman.pbo - 148756
 8:41:14 C:\Users\Administrator\Desktop\Arma 3 Server\expansion\addons\dubbing_radio_f_exp.pbo - 119458
 8:41:14 C:\Users\Administrator\Desktop\Arma 3 Server\expansion\addons\dubbing_radio_f_exp_data_chi.pbo - 119458
 8:41:14 C:\Users\Administrator\Desktop\Arma 3 Server\expansion\addons\dubbing_radio_f_exp_data_engfre.pbo - 119457
 8:41:14 C:\Users\Administrator\Desktop\Arma 3 Server\expansion\addons\dubbing_radio_f_exp_data_fre.pbo - 119457
 8:41:14 C:\Users\Administrator\Desktop\Arma 3 Server\expansion\addons\editorpreviews_f_exp.pbo - 147098
 8:41:14 C:\Users\Administrator\Desktop\Arma 3 Server\expansion\addons\editorpreviews_f_oldman.pbo - 148621
 8:41:14 C:\Users\Administrator\Desktop\Arma 3 Server\expansion\addons\functions_f_exp.pbo - 144006
 8:41:14 C:\Users\Administrator\Desktop\Arma 3 Server\expansion\addons\functions_f_oldman.pbo - 148553
 8:41:14 C:\Users\Administrator\Desktop\Arma 3 Server\expansion\addons\languagemissions_f_exp.pbo - 150220
 8:41:14 C:\Users\Administrator\Desktop\Arma 3 Server\expansion\addons\languagemissions_f_oldman.pbo - 150220
 8:41:14 C:\Users\Administrator\Desktop\Arma 3 Server\expansion\addons\language_f_exp.pbo - 150220
 8:41:14 C:\Users\Administrator\Desktop\Arma 3 Server\expansion\addons\language_f_oldman.pbo - 150220
 8:41:14 C:\Users\Administrator\Desktop\Arma 3 Server\expansion\addons\map_data_exp.pbo - 136265
 8:41:14 C:\Users\Administrator\Desktop\Arma 3 Server\expansion\addons\map_tanoabuka.pbo - 150292
 8:41:14 C:\Users\Administrator\Desktop\Arma 3 Server\expansion\addons\map_tanoabuka_data.pbo - 135884
 8:41:14 C:\Users\Administrator\Desktop\Arma 3 Server\expansion\addons\map_tanoabuka_data_layers.pbo - 121192
 8:41:14 C:\Users\Administrator\Desktop\Arma 3 Server\expansion\addons\map_tanoabuka_data_layers_00_00.pbo - 121192
 8:41:14 C:\Users\Administrator\Desktop\Arma 3 Server\expansion\addons\map_tanoa_scenes_f.pbo - 123527
 8:41:14 C:\Users\Administrator\Desktop\Arma 3 Server\expansion\addons\missions_f_exp.pbo - 144315
 8:41:14 C:\Users\Administrator\Desktop\Arma 3 Server\expansion\addons\missions_f_exp_data.pbo - 119459
 8:41:14 C:\Users\Administrator\Desktop\Arma 3 Server\expansion\addons\missions_f_exp_video.pbo - 119459
 8:41:14 C:\Users\Administrator\Desktop\Arma 3 Server\expansion\addons\missions_f_oldman.pbo - 150213
 8:41:14 C:\Users\Administrator\Desktop\Arma 3 Server\expansion\addons\modules_f_exp.pbo - 119459
 8:41:14 C:\Users\Administrator\Desktop\Arma 3 Server\expansion\addons\modules_f_oldman.pbo - 148553
 8:41:14 C:\Users\Administrator\Desktop\Arma 3 Server\expansion\addons\music_f_exp.pbo - 119477
 8:41:14 C:\Users\Administrator\Desktop\Arma 3 Server\expansion\addons\music_f_exp_music.pbo - 119477
 8:41:14 C:\Users\Administrator\Desktop\Arma 3 Server\expansion\addons\music_f_oldman.pbo - 148553
 8:41:14 C:\Users\Administrator\Desktop\Arma 3 Server\expansion\addons\music_f_oldman_music.pbo - 148679
 8:41:14 C:\Users\Administrator\Desktop\Arma 3 Server\expansion\addons\props_f_exp.pbo - 147637
 8:41:14 C:\Users\Administrator\Desktop\Arma 3 Server\expansion\addons\props_f_oldman.pbo - 148553
 8:41:14 C:\Users\Administrator\Desktop\Arma 3 Server\expansion\addons\rocks_f_exp.pbo - 148432
 8:41:14 C:\Users\Administrator\Desktop\Arma 3 Server\expansion\addons\soft_f_exp.pbo - 150220
 8:41:14 C:\Users\Administrator\Desktop\Arma 3 Server\expansion\addons\soft_f_oldman.pbo - 148580
 8:41:14 C:\Users\Administrator\Desktop\Arma 3 Server\expansion\addons\sounds_f_exp.pbo - 150286
 8:41:14 C:\Users\Administrator\Desktop\Arma 3 Server\expansion\addons\sounds_f_oldman.pbo - 148553
 8:41:14 C:\Users\Administrator\Desktop\Arma 3 Server\expansion\addons\static_f_exp.pbo - 119478
 8:41:14 C:\Users\Administrator\Desktop\Arma 3 Server\expansion\addons\static_f_oldman.pbo - 148580
 8:41:14 C:\Users\Administrator\Desktop\Arma 3 Server\expansion\addons\structures_f_exp.pbo - 148419
 8:41:14 C:\Users\Administrator\Desktop\Arma 3 Server\expansion\addons\structures_f_exp_civilian.pbo - 148739
 8:41:14 C:\Users\Administrator\Desktop\Arma 3 Server\expansion\addons\structures_f_exp_commercial.pbo - 148419
 8:41:14 C:\Users\Administrator\Desktop\Arma 3 Server\expansion\addons\structures_f_exp_cultural.pbo - 148419
 8:41:14 C:\Users\Administrator\Desktop\Arma 3 Server\expansion\addons\structures_f_exp_data.pbo - 148419
 8:41:14 C:\Users\Administrator\Desktop\Arma 3 Server\expansion\addons\structures_f_exp_industrial.pbo - 148419
 8:41:14 C:\Users\Administrator\Desktop\Arma 3 Server\expansion\addons\structures_f_exp_infrastructure.pbo - 148551
 8:41:14 C:\Users\Administrator\Desktop\Arma 3 Server\expansion\addons\structures_f_oldman.pbo - 150089
 8:41:14 C:\Users\Administrator\Desktop\Arma 3 Server\expansion\addons\supplies_f_exp.pbo - 148079
 8:41:14 C:\Users\Administrator\Desktop\Arma 3 Server\expansion\addons\supplies_f_oldman.pbo - 148553
 8:41:14 C:\Users\Administrator\Desktop\Arma 3 Server\expansion\addons\ui_f_exp.pbo - 123398
 8:41:14 C:\Users\Administrator\Desktop\Arma 3 Server\expansion\addons\ui_f_oldman.pbo - 149216
 8:41:14 C:\Users\Administrator\Desktop\Arma 3 Server\expansion\addons\vegetation_f_exp.pbo - 148432
 8:41:14 C:\Users\Administrator\Desktop\Arma 3 Server\expansion\addons\weapons_f_exp.pbo - 150071
 8:41:14 C:\Users\Administrator\Desktop\Arma 3 Server\mark\addons\anims_f_mark.pbo - 119457
 8:41:14 C:\Users\Administrator\Desktop\Arma 3 Server\mark\addons\characters_f_mark.pbo - 148392
 8:41:14 C:\Users\Administrator\Desktop\Arma 3 Server\mark\addons\data_f_mark.pbo - 129371
 8:41:14 C:\Users\Administrator\Desktop\Arma 3 Server\mark\addons\dubbing_f_mark.pbo - 119457
 8:41:14 C:\Users\Administrator\Desktop\Arma 3 Server\mark\addons\dubbing_f_mp_mark.pbo - 119457
 8:41:14 C:\Users\Administrator\Desktop\Arma 3 Server\mark\addons\functions_f_mark.pbo - 150154
 8:41:14 C:\Users\Administrator\Desktop\Arma 3 Server\mark\addons\functions_f_mp_mark.pbo - 150249
 8:41:14 C:\Users\Administrator\Desktop\Arma 3 Server\mark\addons\languagemissions_f_mark.pbo - 150220
 8:41:14 C:\Users\Administrator\Desktop\Arma 3 Server\mark\addons\languagemissions_f_mp_mark.pbo - 150220
 8:41:14 C:\Users\Administrator\Desktop\Arma 3 Server\mark\addons\language_f_mark.pbo - 150220
 8:41:14 C:\Users\Administrator\Desktop\Arma 3 Server\mark\addons\language_f_mp_mark.pbo - 150220
 8:41:14 C:\Users\Administrator\Desktop\Arma 3 Server\mark\addons\missions_f_mark.pbo - 122301
 8:41:14 C:\Users\Administrator\Desktop\Arma 3 Server\mark\addons\missions_f_mark_data.pbo - 119459
 8:41:14 C:\Users\Administrator\Desktop\Arma 3 Server\mark\addons\missions_f_mark_video.pbo - 119459
 8:41:14 C:\Users\Administrator\Desktop\Arma 3 Server\mark\addons\missions_f_mp_mark.pbo - 141704
 8:41:14 C:\Users\Administrator\Desktop\Arma 3 Server\mark\addons\missions_f_mp_mark_data.pbo - 119459
 8:41:14 C:\Users\Administrator\Desktop\Arma 3 Server\mark\addons\modules_f_mark.pbo - 148886
 8:41:14 C:\Users\Administrator\Desktop\Arma 3 Server\mark\addons\modules_f_mp_mark.pbo - 150251
 8:41:14 C:\Users\Administrator\Desktop\Arma 3 Server\mark\addons\music_f_mark.pbo - 119477
 8:41:14 C:\Users\Administrator\Desktop\Arma 3 Server\mark\addons\music_f_mark_music.pbo - 119477
 8:41:14 C:\Users\Administrator\Desktop\Arma 3 Server\mark\addons\sounds_f_mark.pbo - 143218
 8:41:14 C:\Users\Administrator\Desktop\Arma 3 Server\mark\addons\static_f_mark.pbo - 146756
 8:41:14 C:\Users\Administrator\Desktop\Arma 3 Server\mark\addons\structures_f_mark.pbo - 149003
 8:41:14 C:\Users\Administrator\Desktop\Arma 3 Server\mark\addons\supplies_f_mark.pbo - 140562
 8:41:14 C:\Users\Administrator\Desktop\Arma 3 Server\mark\addons\ui_f_mark.pbo - 119478
 8:41:14 C:\Users\Administrator\Desktop\Arma 3 Server\mark\addons\ui_f_mp_mark.pbo - 119478
 8:41:14 C:\Users\Administrator\Desktop\Arma 3 Server\mark\addons\weapons_f_mark.pbo - 149339
 8:41:14 C:\Users\Administrator\Desktop\Arma 3 Server\heli\addons\air_f_heli.pbo - 150249
 8:41:14 C:\Users\Administrator\Desktop\Arma 3 Server\heli\addons\anims_f_heli.pbo - 123210
 8:41:14 C:\Users\Administrator\Desktop\Arma 3 Server\heli\addons\boat_f_heli.pbo - 119457
 8:41:14 C:\Users\Administrator\Desktop\Arma 3 Server\heli\addons\cargoposes_f_heli.pbo - 126231
 8:41:14 C:\Users\Administrator\Desktop\Arma 3 Server\heli\addons\data_f_heli.pbo - 119457
 8:41:14 C:\Users\Administrator\Desktop\Arma 3 Server\heli\addons\dubbing_f_heli.pbo - 119457
 8:41:14 C:\Users\Administrator\Desktop\Arma 3 Server\heli\addons\functions_f_heli.pbo - 123022
 8:41:14 C:\Users\Administrator\Desktop\Arma 3 Server\heli\addons\languagemissions_f_heli.pbo - 150220
 8:41:14 C:\Users\Administrator\Desktop\Arma 3 Server\heli\addons\language_f_heli.pbo - 150220
 8:41:14 C:\Users\Administrator\Desktop\Arma 3 Server\heli\addons\missions_f_heli.pbo - 129397
 8:41:14 C:\Users\Administrator\Desktop\Arma 3 Server\heli\addons\missions_f_heli_data.pbo - 119459
 8:41:14 C:\Users\Administrator\Desktop\Arma 3 Server\heli\addons\missions_f_heli_video.pbo - 119459
 8:41:14 C:\Users\Administrator\Desktop\Arma 3 Server\heli\addons\modules_f_heli.pbo - 150249
 8:41:14 C:\Users\Administrator\Desktop\Arma 3 Server\heli\addons\music_f_heli.pbo - 119477
 8:41:14 C:\Users\Administrator\Desktop\Arma 3 Server\heli\addons\music_f_heli_music.pbo - 119477
 8:41:14 C:\Users\Administrator\Desktop\Arma 3 Server\heli\addons\soft_f_heli.pbo - 129742
 8:41:14 C:\Users\Administrator\Desktop\Arma 3 Server\heli\addons\sounds_f_heli.pbo - 119478
 8:41:14 C:\Users\Administrator\Desktop\Arma 3 Server\heli\addons\structures_f_heli.pbo - 141968
 8:41:14 C:\Users\Administrator\Desktop\Arma 3 Server\heli\addons\supplies_f_heli.pbo - 145695
 8:41:14 C:\Users\Administrator\Desktop\Arma 3 Server\heli\addons\ui_f_heli.pbo - 119478
 8:41:14 C:\Users\Administrator\Desktop\Arma 3 Server\kart\addons\anims_f_kart.pbo - 123210
 8:41:14 C:\Users\Administrator\Desktop\Arma 3 Server\kart\addons\characters_f_kart.pbo - 148392
 8:41:14 C:\Users\Administrator\Desktop\Arma 3 Server\kart\addons\data_f_kart.pbo - 119457
 8:41:14 C:\Users\Administrator\Desktop\Arma 3 Server\kart\addons\languagemissions_f_kart.pbo - 150220
 8:41:14 C:\Users\Administrator\Desktop\Arma 3 Server\kart\addons\language_f_kart.pbo - 150220
 8:41:14 C:\Users\Administrator\Desktop\Arma 3 Server\kart\addons\missions_f_kart.pbo - 149274
 8:41:14 C:\Users\Administrator\Desktop\Arma 3 Server\kart\addons\missions_f_kart_data.pbo - 119459
 8:41:14 C:\Users\Administrator\Desktop\Arma 3 Server\kart\addons\modules_f_kart.pbo - 150028
 8:41:14 C:\Users\Administrator\Desktop\Arma 3 Server\kart\addons\modules_f_kart_data.pbo - 149274
 8:41:14 C:\Users\Administrator\Desktop\Arma 3 Server\kart\addons\soft_f_kart.pbo - 150071
 8:41:14 C:\Users\Administrator\Desktop\Arma 3 Server\kart\addons\sounds_f_kart.pbo - 125381
 8:41:14 C:\Users\Administrator\Desktop\Arma 3 Server\kart\addons\structures_f_kart.pbo - 123419
 8:41:14 C:\Users\Administrator\Desktop\Arma 3 Server\kart\addons\ui_f_kart.pbo - 119478
 8:41:14 C:\Users\Administrator\Desktop\Arma 3 Server\kart\addons\weapons_f_kart.pbo - 138461
 8:41:14 C:\Users\Administrator\Desktop\Arma 3 Server\curator\addons\data_f_curator.pbo - 149127
 8:41:14 C:\Users\Administrator\Desktop\Arma 3 Server\curator\addons\data_f_curator_music.pbo - 119457
 8:41:14 C:\Users\Administrator\Desktop\Arma 3 Server\curator\addons\functions_f_curator.pbo - 150096
 8:41:14 C:\Users\Administrator\Desktop\Arma 3 Server\curator\addons\language_f_curator.pbo - 150220
 8:41:14 C:\Users\Administrator\Desktop\Arma 3 Server\curator\addons\missions_f_curator.pbo - 121570
 8:41:14 C:\Users\Administrator\Desktop\Arma 3 Server\curator\addons\modules_f_curator.pbo - 150096
 8:41:14 C:\Users\Administrator\Desktop\Arma 3 Server\curator\addons\ui_f_curator.pbo - 150267
 8:41:14 addons\3den.pbo - 150309
 8:41:14 addons\3den_language.pbo - 150327
 8:41:14 addons\a3.pbo - unknown
 8:41:14 addons\air_f.pbo - 150071
 8:41:14 addons\air_f_beta.pbo - 149975
 8:41:14 addons\air_f_epb.pbo - 145119
 8:41:14 addons\air_f_epc.pbo - 150048
 8:41:14 addons\air_f_gamma.pbo - 150048
 8:41:14 addons\animals_f.pbo - 150071
 8:41:14 addons\animals_f_beta.pbo - 150071
 8:41:14 addons\anims_f.pbo - 150249
 8:41:14 addons\anims_f_bootcamp.pbo - 123209
 8:41:14 addons\anims_f_data.pbo - 148601
 8:41:14 addons\anims_f_epa.pbo - 134499
 8:41:14 addons\anims_f_epc.pbo - 121358
 8:41:14 addons\anims_f_exp_a.pbo - 123209
 8:41:14 addons\anims_f_mod.pbo - 135280
 8:41:14 addons\armor_f.pbo - 149414
 8:41:14 addons\armor_f_beta.pbo - 150297
 8:41:14 addons\armor_f_epb.pbo - 150260
 8:41:14 addons\armor_f_epc.pbo - 148819
 8:41:14 addons\armor_f_gamma.pbo - 150249
 8:41:14 addons\baseconfig_f.pbo - 119457
 8:41:14 addons\boat_f.pbo - 150265
 8:41:14 addons\boat_f_beta.pbo - 132036
 8:41:14 addons\boat_f_epc.pbo - 131911
 8:41:14 addons\boat_f_gamma.pbo - 127529
 8:41:14 addons\cargoposes_f.pbo - 149489
 8:41:14 addons\characters_f.pbo - 150282
 8:41:14 addons\characters_f_beta.pbo - 149965
 8:41:14 addons\characters_f_bootcamp.pbo - 149274
 8:41:14 addons\characters_f_epa.pbo - 148392
 8:41:14 addons\characters_f_epb.pbo - 148392
 8:41:14 addons\characters_f_epc.pbo - 148392
 8:41:14 addons\characters_f_gamma.pbo - 148392
 8:41:14 addons\data_f.pbo - 150322
 8:41:14 addons\data_f_bootcamp.pbo - 129618
 8:41:14 addons\data_f_exp_a.pbo - 119457
 8:41:14 addons\data_f_exp_b.pbo - 119457
 8:41:14 addons\data_f_mod.pbo - 131534
 8:41:14 addons\data_f_warlords.pbo - 147096
 8:41:14 addons\drones_f.pbo - 146855
 8:41:14 addons\dubbing_f.pbo - 119457
 8:41:14 addons\dubbing_f_beta.pbo - 119457
 8:41:14 addons\dubbing_f_bootcamp.pbo - 119457
 8:41:14 addons\dubbing_f_epa.pbo - 119457
 8:41:14 addons\dubbing_f_epb.pbo - 119457
 8:41:14 addons\dubbing_f_epc.pbo - 119457
 8:41:14 addons\dubbing_f_gamma.pbo - 122449
 8:41:14 addons\dubbing_f_warlords.pbo - 136700
 8:41:14 addons\dubbing_radio_f.pbo - 119457
 8:41:14 addons\dubbing_radio_f_data_eng.pbo - 119457
 8:41:14 addons\dubbing_radio_f_data_engb.pbo - 119458
 8:41:14 addons\dubbing_radio_f_data_gre.pbo - 119458
 8:41:14 addons\dubbing_radio_f_data_per.pbo - 150218
 8:41:14 addons\dubbing_radio_f_data_vr.pbo - 119458
 8:41:14 addons\editorpreviews_f.pbo - 149003
 8:41:14 addons\editor_f.pbo - 121103
 8:41:14 addons\functions_f.pbo - 150333
 8:41:14 addons\functions_f_bootcamp.pbo - 150249
 8:41:14 addons\functions_f_epa.pbo - 150249
 8:41:14 addons\functions_f_epc.pbo - 119458
 8:41:14 addons\functions_f_exp_a.pbo - 150298
 8:41:14 addons\functions_f_warlords.pbo - 150013
 8:41:14 addons\languagemissions_f.pbo - 150220
 8:41:14 addons\languagemissions_f_beta.pbo - 150220
 8:41:14 addons\languagemissions_f_bootcamp.pbo - 150220
 8:41:14 addons\languagemissions_f_epa.pbo - 150220
 8:41:14 addons\languagemissions_f_epb.pbo - 150220
 8:41:14 addons\languagemissions_f_epc.pbo - 150220
 8:41:14 addons\languagemissions_f_exp_a.pbo - 150220
 8:41:14 addons\languagemissions_f_gamma.pbo - 150220
 8:41:14 addons\language_f.pbo - 150220
 8:41:14 addons\language_f_beta.pbo - 150220
 8:41:14 addons\language_f_bootcamp.pbo - 150220
 8:41:14 addons\language_f_epa.pbo - 150220
 8:41:14 addons\language_f_epb.pbo - 150220
 8:41:14 addons\language_f_epc.pbo - 150220
 8:41:14 addons\language_f_exp_a.pbo - 150220
 8:41:14 addons\language_f_exp_b.pbo - 150220
 8:41:14 addons\language_f_gamma.pbo - 150220
 8:41:14 addons\language_f_mod.pbo - 150220
 8:41:14 addons\language_f_warlords.pbo - 150220
 8:41:14 addons\map_altis.pbo - 148442
 8:41:14 addons\map_altis_data.pbo - 135904
 8:41:14 addons\map_altis_data_layers.pbo - 135913
 8:41:14 addons\map_altis_data_layers_00_00.pbo - 0000
 8:41:14 addons\map_altis_data_layers_00_01.pbo - 0000
 8:41:14 addons\map_altis_data_layers_01_00.pbo - 0000
 8:41:14 addons\map_altis_data_layers_01_01.pbo - 0000
 8:41:14 addons\map_altis_scenes_f.pbo - 119459
 8:41:14 addons\map_data.pbo - 134124
 8:41:14 addons\map_stratis.pbo - 148442
 8:41:14 addons\map_stratis_data.pbo - 135888
 8:41:14 addons\map_stratis_data_layers.pbo - 135888
 8:41:14 addons\map_stratis_scenes_f.pbo - 119459
 8:41:14 addons\map_vr.pbo - 135900
 8:41:14 addons\map_vr_scenes_f.pbo - 119459
 8:41:14 addons\misc_f.pbo - 119459
 8:41:14 addons\missions_f.pbo - 141704
 8:41:14 addons\missions_f_beta.pbo - 150208
 8:41:14 addons\missions_f_beta_data.pbo - 149165
 8:41:14 addons\missions_f_beta_video.pbo - 119459
 8:41:14 addons\missions_f_bootcamp.pbo - 145509
 8:41:14 addons\missions_f_bootcamp_data.pbo - 119459
 8:41:14 addons\missions_f_bootcamp_video.pbo - 119459
 8:41:14 addons\missions_f_data.pbo - 119459
 8:41:14 addons\missions_f_epa.pbo - 144315
 8:41:14 addons\missions_f_epa_data.pbo - 119459
 8:41:14 addons\missions_f_epa_video.pbo - 119459
 8:41:14 addons\missions_f_epb.pbo - 119459
 8:41:14 addons\missions_f_epc.pbo - 141704
 8:41:14 addons\missions_f_exp_a.pbo - 141704
 8:41:14 addons\missions_f_exp_a_data.pbo - 119459
 8:41:14 addons\missions_f_gamma.pbo - 150176
 8:41:14 addons\missions_f_gamma_data.pbo - 119459
 8:41:14 addons\missions_f_gamma_video.pbo - 119459
 8:41:14 addons\missions_f_video.pbo - 119459
 8:41:14 addons\missions_f_warlords.pbo - 145437
 8:41:14 addons\modules_f.pbo - 150282
 8:41:14 addons\modules_f_beta.pbo - 150198
 8:41:14 addons\modules_f_beta_data.pbo - 149274
 8:41:14 addons\modules_f_bootcamp.pbo - 119459
 8:41:14 addons\modules_f_data.pbo - 122470
 8:41:14 addons\modules_f_epb.pbo - 134655
 8:41:14 addons\modules_f_exp_a.pbo - 119459
 8:41:14 addons\modules_f_warlords.pbo - 144205
 8:41:14 addons\music_f.pbo - 119459
 8:41:14 addons\music_f_bootcamp.pbo - 119459
 8:41:14 addons\music_f_bootcamp_music.pbo - 119459
 8:41:14 addons\music_f_epa.pbo - 119459
 8:41:14 addons\music_f_epa_music.pbo - 119459
 8:41:14 addons\music_f_epb.pbo - 119459
 8:41:14 addons\music_f_epb_music.pbo - 119459
 8:41:14 addons\music_f_epc.pbo - 119459
 8:41:14 addons\music_f_epc_music.pbo - 119477
 8:41:14 addons\music_f_music.pbo - 119477
 8:41:14 addons\plants_f.pbo - 148432
 8:41:14 addons\props_f_exp_a.pbo - 147637
 8:41:14 addons\roads_f.pbo - 148432
 8:41:14 addons\rocks_f.pbo - 149339
 8:41:14 addons\signs_f.pbo - 148432
 8:41:14 addons\soft_f.pbo - 150070
 8:41:14 addons\soft_f_beta.pbo - 150071
 8:41:14 addons\soft_f_bootcamp.pbo - 150071
 8:41:14 addons\soft_f_epc.pbo - 150070
 8:41:14 addons\soft_f_gamma.pbo - 150183
 8:41:14 addons\sounds_f.pbo - 150286
 8:41:14 addons\sounds_f_arsenal.pbo - 143218
 8:41:14 addons\sounds_f_bootcamp.pbo - 119477
 8:41:14 addons\sounds_f_characters.pbo - 143095
 8:41:14 addons\sounds_f_environment.pbo - 143095
 8:41:14 addons\sounds_f_epb.pbo - 126923
 8:41:14 addons\sounds_f_epc.pbo - 125380
 8:41:14 addons\sounds_f_exp_a.pbo - 119477
 8:41:14 addons\sounds_f_mod.pbo - 131534
 8:41:14 addons\sounds_f_sfx.pbo - 143211
 8:41:14 addons\sounds_f_vehicles.pbo - 146855
 8:41:14 addons\static_f.pbo - 150149
 8:41:14 addons\static_f_beta.pbo - 132365
 8:41:14 addons\static_f_gamma.pbo - 122615
 8:41:14 addons\structures_f.pbo - 150204
 8:41:14 addons\structures_f_bootcamp.pbo - 143436
 8:41:14 addons\structures_f_data.pbo - 148419
 8:41:14 addons\structures_f_epa.pbo - 149252
 8:41:14 addons\structures_f_epb.pbo - 148421
 8:41:14 addons\structures_f_epc.pbo - 148804
 8:41:14 addons\structures_f_exp_a.pbo - 132665
 8:41:14 addons\structures_f_households.pbo - 150265
 8:41:14 addons\structures_f_ind.pbo - 150048
 8:41:14 addons\structures_f_mil.pbo - 150149
 8:41:14 addons\structures_f_wrecks.pbo - 148419
 8:41:14 addons\uifonts_f.pbo - 119478
 8:41:14 addons\uifonts_f_data.pbo - 150106
 8:41:14 addons\ui_f.pbo - 150333
 8:41:14 addons\ui_f_bootcamp.pbo - 119478
 8:41:14 addons\ui_f_data.pbo - 150326
 8:41:14 addons\ui_f_exp_a.pbo - 119478
 8:41:14 addons\weapons_f.pbo - 150292
 8:41:14 addons\weapons_f_beta.pbo - 150174
 8:41:14 addons\weapons_f_bootcamp.pbo - 141713
 8:41:14 addons\weapons_f_epa.pbo - 148783
 8:41:14 addons\weapons_f_epb.pbo - 137810
 8:41:14 addons\weapons_f_epc.pbo - 130416
 8:41:14 addons\weapons_f_gamma.pbo - 148783
 8:41:14 addons\weapons_f_mod.pbo - 149339
 8:41:14 
 8:41:14 =======================
 8:41:14 
 8:41:14 ============================================================================================= List of mods ===============================================================================================
 8:41:14 modsReadOnly = true
 8:41:14 safeModsActivated = false
 8:41:14 customMods = true
 8:41:14 hash = 'AE3E2105E0D457665180664D3629ECB9E23D5C3F'
 8:41:14 hashShort = 'e7f7d709'
 8:41:14                                               name |               modDir |    default |   official |               origin |                                     hash | hashShort | fullPath
 8:41:14 ----------------------------------------------------------------------------------------------------------------------------------------------------------------------------------------------------------
 8:41:14                                       @life_server |         @life_server |      false |      false |             GAME DIR | 9d0af3777ce8baa0f711fb4254e58275d27369a5 |  5282b719 | C:\Users\Administrator\Desktop\Arma 3 Server\@life_server
 8:41:14                                            @extDB3 |              @extDB3 |      false |      false |             GAME DIR | da39a3ee5e6b4b0d3255bfef95601890afd80709 |  11fdd19c | C:\Users\Administrator\Desktop\Arma 3 Server\@extDB3
 8:41:14                                  Arma 3 Art of War |                  aow |       true |       true |             GAME DIR | 58486d82c82b1ea7d369b9f7587651cf5187955b |  73be9d85 | C:\Users\Administrator\Desktop\Arma 3 Server\aow
 8:41:14                          Arma 3 Contact (Platform) |                enoch |       true |       true |             GAME DIR | 40508e1bdce0ba8a3681e69c1e6895e9fbe38aa5 |  59a0482b | C:\Users\Administrator\Desktop\Arma 3 Server\enoch
 8:41:14                                       Arma 3 Tanks |                 tank |       true |       true |             GAME DIR | 66c0e436943034de5af576a5e88759d5d9975434 |  7c9b64b1 | C:\Users\Administrator\Desktop\Arma 3 Server\tank
 8:41:14                                     Arma 3 Tac-Ops |               tacops |       true |       true |             GAME DIR | ea3cdf2272cdac419425e594f1a08780df19ae55 |   1fb7009 | C:\Users\Administrator\Desktop\Arma 3 Server\tacops
 8:41:14                                 Arma 3 Laws of War |               orange |       true |       true |             GAME DIR | 8ef9975ebc6f24e5194944d3ba0b0fd773f5d03f |  9ec21f31 | C:\Users\Administrator\Desktop\Arma 3 Server\orange
 8:41:14                                      Arma 3 Malden |                 argo |       true |       true |             GAME DIR | 2609d2e15143a09e317ab5390ae7a9db1a58d6a9 |  e859fee4 | C:\Users\Administrator\Desktop\Arma 3 Server\argo
 8:41:14                                        Arma 3 Jets |                 jets |       true |       true |             GAME DIR | 8d72a046ce82fb8211a2a6b8cbe143222f1a79c0 |  923f8a63 | C:\Users\Administrator\Desktop\Arma 3 Server\jets
 8:41:14                                        Arma 3 Apex |            expansion |       true |       true |             GAME DIR | 4eb2cdb018760c6e5061d57bd2f899de3164ac9c |  7b497f33 | C:\Users\Administrator\Desktop\Arma 3 Server\expansion
 8:41:14                                    Arma 3 Marksmen |                 mark |       true |       true |             GAME DIR | d3c62666b5376e957b4efcfad364bec4ad5c558f |  1e867a54 | C:\Users\Administrator\Desktop\Arma 3 Server\mark
 8:41:14                                 Arma 3 Helicopters |                 heli |       true |       true |             GAME DIR | 2f50ce38762b546efe9e988b575800dac43d2ec6 |  22a680a9 | C:\Users\Administrator\Desktop\Arma 3 Server\heli
 8:41:14                                       Arma 3 Karts |                 kart |       true |       true |             GAME DIR | df3db4c8eb8d771c8bc5f6da2658e27db116c27b |  3ae8d985 | C:\Users\Administrator\Desktop\Arma 3 Server\kart
 8:41:14                                        Arma 3 Zeus |              curator |       true |       true |             GAME DIR | 8407d12bb64915e5e9eae936f0ce41e9c84c9ba3 |  f43b41c0 | C:\Users\Administrator\Desktop\Arma 3 Server\curator
 8:41:14                                             Arma 3 |                   A3 |       true |       true |    NOT FOUND (Empty) |                                          |           | 
 8:41:14 ==========================================================================================================================================================================================================
 8:41:14 InitSound ...
 8:41:14 InitSound - complete
 8:41:14 PhysX3 SDK Init started ...
 8:41:14 PhysX3 SDK Init ended.
 8:41:24 Warning Message: You cannot play/edit this mission; it is dependent on downloadable content that has been deleted.\na3_characters_f
 8:41:24 Loading movesType CfgGesturesMale
 8:41:24 MovesType CfgGesturesMale load time 130.0 ms
 8:41:24 Loading movesType CfgMovesMaleSdr
 8:41:34 Warning: looped for animation: a3\anims_f_epa\data\anim\sdr\cts\hubcleaned\briefing\hubbriefing_loop.rtm differs (looped now 1)! MoveName: hubbriefing_loop
 8:41:34 Warning: looped for animation: a3\anims_f_epa\data\anim\sdr\cts\hubcleaned\briefing\hubbriefing_loop.rtm differs (looped now 0)! MoveName: hubbriefing_ext
 8:41:34 Warning: looped for animation: a3\anims_f_epa\data\anim\sdr\cts\hubcleaned\spectator\hubspectator_stand.rtm differs (looped now 0)! MoveName: hubspectator_stand
 8:41:34 MovesType CfgMovesMaleSdr load time 10579.0 ms
 8:41:35 VoteThreshold must be in 0..1 range. Defaulting to 0.5
 8:41:35 VoteThresholdSameSide must be in 0..1 range. Defaulting to 0.5
Initializing Steam server - Game Port: 2302, Steam Query Port: 2303
Steam AppId from steam_appid.txt: 107410
Unexpected stringtable format inside <Text ID="STR_Crime_187V"><Original>
Unsupported language English in stringtable
  Context: mpmissions\Altis_Life.Altis\stringtable.xml
Unexpected stringtable format inside <Text ID="STR_Crime_187V"><Original>
Unsupported language English in stringtable
  Context: mpmissions\Altis_Life.Altis\stringtable.xml
Connected to Steam servers
Starting mission:
 Mission file: Altis_Life
 Mission world: Altis
 Mission directory: mpmissions\Altis_Life.Altis\
Strange convex component202 in a3\structures_f\households\house_small01\d_house_small_01_v1_f.p3d:geometryView
Strange convex component203 in a3\structures_f\households\house_small01\d_house_small_01_v1_f.p3d:geometryView
Strange convex component145 in a3\plants_f\tree\t_pinuss2s_b_f.p3d:geometryView
Strange convex component149 in a3\plants_f\tree\t_pinuss2s_b_f.p3d:geometryView
Strange convex component115 in a3\structures_f\households\house_big01\u_house_big_01_v1_f.p3d:geometryView
Strange convex component117 in a3\structures_f\households\house_big01\u_house_big_01_v1_f.p3d:geometryView
"---------------------------------------------------------------------"
"---------------------------------------------------------------------"
CallExtension loaded: extDB3 (C:\Users\Administrator\Desktop\Arma 3 Server\@extDB3\extDB3_x64.dll) [extDB3 v1033 Windows]

"extDB3 Loaded"
"---------------------------------------------------------------------"
"---------------------------------------------------------------------"
Strange convex component153 in a3\structures_f_aow\civilian\gallery_01\galleryinterior_01_rotunda_f.p3d:geometry
No speaker given for 'Ali Ngige'
No speaker given for 'Ali Okonkwo'
No speaker given for 'Dixon Walker'
No speaker given for 'Hamidi Azikiwe'
No speaker given for 'Hu Chang'
soldier[B_diver_F]:Some of magazines weren't stored in soldier Vest or Uniform?
No speaker given for 'Tavish Anderson'
No speaker given for 'Donald Warren'
No speaker given for 'Mike Thompson'
No speaker given for 'Spencer Bennett'
No speaker given for 'Muhammad Okeke'
No speaker given for 'Mike White'
No speaker given for 'Connor Hill'
No speaker given for 'Kyle Young'
No speaker given for 'Dong Yeung'
No speaker given for 'Lu Chen'
No speaker given for 'Samuel Newton'
No speaker given for 'Luke O'Sullivan'
No speaker given for 'Jamie Taylor'
No speaker given for 'Lu Kung'
No speaker given for 'Archie Conrad'
No speaker given for 'Matthew White'
No speaker given for 'Oliver Clark'
soldier[B_diver_F]:Some of magazines weren't stored in soldier Vest or Uniform?
No speaker given for 'Max Jones'
No speaker given for 'Katungi Sesse-Seko'
No speaker given for 'Jake Anderson'
No speaker given for 'Dwan Smith'
No speaker given for 'Greer Nelson'
No speaker given for 'Keith Harris'
No speaker given for 'Greer Moore'
Wrong vertex mapping for person collision geometry found in a3\characters_f_epc\civil\c_nikos_aged.p3d. Selection 1c not found
Wrong vertex mapping for person collision geometry found in a3\characters_f_epc\civil\c_nikos_aged.p3d. Selection 2c not found
Wrong vertex mapping for person collision geometry found in a3\characters_f_epc\civil\c_nikos_aged.p3d. Selection 3c not found
Wrong vertex mapping for person collision geometry found in a3\characters_f_epc\civil\c_nikos_aged.p3d. Selection 4c not found
Wrong vertex mapping for person collision geometry found in a3\characters_f_epc\civil\c_nikos_aged.p3d. Selection 5c not found
Wrong vertex mapping for person collision geometry found in a3\characters_f_epc\civil\c_nikos_aged.p3d. Selection 6c not found
Wrong vertex mapping for person collision geometry found in a3\characters_f_epc\civil\c_nikos_aged.p3d. Selection 7c not found
Wrong vertex mapping for person collision geometry found in a3\characters_f_epc\civil\c_nikos_aged.p3d. Selection 8c not found
Wrong geometry convex component mapping  for person collision geometry found in a3\characters_f_epc\civil\c_nikos_aged.p3d. Convex component number 3. not found
No speaker given for 'Evangelos Costas'
No face for C Delta 1-4:113
No speaker given for 'Vasilis Karmanlis'
No face for C Delta 1-4:114
No speaker given for 'Evripidis Karmanlis'
No face for C Delta 1-4:115
No speaker given for 'Michalis Mastori'
No face for C Delta 1-4:116
No speaker given for 'Vasilis Zenon'
No face for C Delta 1-4:117
No speaker given for 'Kouris Manelia'
No face for C Delta 1-4:118
No speaker given for 'Angelos Nicolau'
No face for C Delta 1-4:119
No speaker given for 'Michalis Petridis'
No face for C Delta 1-4:120
No speaker given for 'Samaras Athanasiadis'
No face for C Delta 1-4:121
No speaker given for 'Biton Christou'
No face for C Delta 1-4:122
No speaker given for 'Fotini Dimitriadis'
No face for C Delta 1-4:123
No speaker given for 'Militiadis Manelia'
No face for C Delta 1-4:124
No speaker given for 'Sotiris Gikas'
No face for C Delta 1-4:125
No speaker given for 'Thanos Kammenou'
No face for C Delta 1-4:126
No speaker given for 'Sotiris Stanis'
No face for C Delta 1-4:127
No speaker given for 'Evripidis Manetta'
No face for C Delta 1-4:128
No speaker given for 'Nicolo Nicolau'
No face for C Delta 1-4:129
No speaker given for 'Costa Stanis'
No face for C Delta 1-4:130
No speaker given for 'Militiadis Papadopoulos'
No face for C Delta 1-4:131
No speaker given for 'Thamos Malas'
No face for C Delta 1-4:132
No speaker given for 'Panos Ioannou'
No face for C Delta 1-4:133
No speaker given for 'Thanos Ioannou'
No face for C Delta 1-4:134
No speaker given for 'Vasilis Elias'
No face for C Delta 1-4:135
No speaker given for 'Gamba Achebe'
No speaker given for 'Callum Campbell'
No speaker given for 'Archie Johnson'
Error: Object(2 : 652) not found
Error: Object(2 : 657) not found
Error: Object(2 : 659) not found
Error: Object(2 : 661) not found
Error: Object(2 : 663) not found
Error: Object(2 : 695) not found
d:\bis\source\stable\futura\lib\network\networkserver.cpp NetworkServer::OnClientStateChanged:NOT IMPLEMENTED - briefing!
 Mission id: 114ec93fcd582515f7152187986f624202d4e6bc
Attempt to override final function - bis_fnc_storeparamsvalues_data
"extDB3: Connected to Database"
"----------------------------------------------------------------------------------------------------"
"---------------------------------- Starting Altis Life Server Init ---------------------------------"
"------------------------------------------ Version 5.0.0 -------------------------------------------"
"----------------------------------------------------------------------------------------------------"
Strange convex component322 in a3\structures_f\research\dome_big_f.p3d:geometryFire
Strange convex component327 in a3\structures_f\research\dome_big_f.p3d:geometryFire
"Market prices generated!"
