
extDB3: https://bitbucket.org/torndeco/extdb3/wiki/Home
extDB3: Version: 1.033
extDB3: Windows Version
Message: All development for extDB3 is done on a Linux Dedicated Server
Message: If you would like to Donate to extDB3 Development
Message: https://www.paypal.com/cgi-bin/webscr?cmd=_s-xclick&hosted_button_id=2SUEFTGABTAM2
Message: Also leave a message if there is any particular feature you would like to see added.
Message: Thanks for all the people that have donated.
Message: Torndeco: 18/05/15

Message: This version was modified and include some improvement
Message: The lib was recompiled using new version of TBBMalloc, Boost and MariaDB connector
Message: The worker threads limitation was removed
Message: Steez: 30/10/2020


extDB3: Found extdb3-conf.ini
extDB3: Detected 4 Cores, Setting up 4 Worker Threads
extDB3: ...
extDB3: ...
extDB3: ...
extDB3: ...


[09:47:50:863385 +03:00] [Thread 1708] extDB3: SQL: Initialized: Add Quotes around TEXT Datatypes mode: 2
[09:47:50:863449 +03:00] [Thread 1708] extDB3: SQL: Initialized: NULL = ""
[09:47:50:863491 +03:00] [Thread 1708] extDB3: Locked
[03:28:35:910929 +03:00] [Thread 7840] extDB3: SQL: Error MariaDBQueryException: You have an error in your SQL syntax; check the manual that corresponds to your MariaDB server version for the right syntax to use near 'S] Qnoxaffetmez', '"[`667`]"', '4500', '1')' at line 1
[03:28:35:911546 +03:00] [Thread 7840] extDB3: SQL: Error MariaDBQueryException: Input: INSERT INTO wanted (wantedID, wantedName, wantedCrimes, wantedBounty, active) VALUES('76561198281270185', '[Vatan'S] Qnoxaffetmez', '"[`667`]"', '4500', '1')
[03:28:39:135453 +03:00] [Thread 7840] extDB3: SQL: Error MariaDBQueryException: You have an error in your SQL syntax; check the manual that corresponds to your MariaDB server version for the right syntax to use near 'S] Qnoxaffetmez', '"[`667`]"', '4500', '1')' at line 1
[03:28:39:135523 +03:00] [Thread 7840] extDB3: SQL: Error MariaDBQueryException: Input: INSERT INTO wanted (wantedID, wantedName, wantedCrimes, wantedBounty, active) VALUES('76561198281270185', '[Vatan'S] Qnoxaffetmez', '"[`667`]"', '4500', '1')
[03:28:39:347434 +03:00] [Thread 7840] extDB3: SQL: Error MariaDBQueryException: You have an error in your SQL syntax; check the manual that corresponds to your MariaDB server version for the right syntax to use near 'S] Qnoxaffetmez', '"[`667`]"', '4500', '1')' at line 1
[03:28:39:347510 +03:00] [Thread 7840] extDB3: SQL: Error MariaDBQueryException: Input: INSERT INTO wanted (wantedID, wantedName, wantedCrimes, wantedBounty, active) VALUES('76561198281270185', '[Vatan'S] Qnoxaffetmez', '"[`667`]"', '4500', '1')
[03:28:39:516150 +03:00] [Thread 7840] extDB3: SQL: Error MariaDBQueryException: You have an error in your SQL syntax; check the manual that corresponds to your MariaDB server version for the right syntax to use near 'S] Qnoxaffetmez', '"[`667`]"', '4500', '1')' at line 1
[03:28:39:516227 +03:00] [Thread 7840] extDB3: SQL: Error MariaDBQueryException: Input: INSERT INTO wanted (wantedID, wantedName, wantedCrimes, wantedBounty, active) VALUES('76561198281270185', '[Vatan'S] Qnoxaffetmez', '"[`667`]"', '4500', '1')
[03:28:39:648256 +03:00] [Thread 7840] extDB3: SQL: Error MariaDBQueryException: You have an error in your SQL syntax; check the manual that corresponds to your MariaDB server version for the right syntax to use near 'S] Qnoxaffetmez', '"[`667`]"', '4500', '1')' at line 1
[03:28:39:648347 +03:00] [Thread 7840] extDB3: SQL: Error MariaDBQueryException: Input: INSERT INTO wanted (wantedID, wantedName, wantedCrimes, wantedBounty, active) VALUES('76561198281270185', '[Vatan'S] Qnoxaffetmez', '"[`667`]"', '4500', '1')
[03:28:39:793334 +03:00] [Thread 7840] extDB3: SQL: Error MariaDBQueryException: You have an error in your SQL syntax; check the manual that corresponds to your MariaDB server version for the right syntax to use near 'S] Qnoxaffetmez', '"[`667`]"', '4500', '1')' at line 1
[03:28:39:793423 +03:00] [Thread 7840] extDB3: SQL: Error MariaDBQueryException: Input: INSERT INTO wanted (wantedID, wantedName, wantedCrimes, wantedBounty, active) VALUES('76561198281270185', '[Vatan'S] Qnoxaffetmez', '"[`667`]"', '4500', '1')
[03:28:39:945405 +03:00] [Thread 7840] extDB3: SQL: Error MariaDBQueryException: You have an error in your SQL syntax; check the manual that corresponds to your MariaDB server version for the right syntax to use near 'S] Qnoxaffetmez', '"[`667`]"', '4500', '1')' at line 1
[03:28:39:945501 +03:00] [Thread 7840] extDB3: SQL: Error MariaDBQueryException: Input: INSERT INTO wanted (wantedID, wantedName, wantedCrimes, wantedBounty, active) VALUES('76561198281270185', '[Vatan'S] Qnoxaffetmez', '"[`667`]"', '4500', '1')
[03:28:40:091502 +03:00] [Thread 7840] extDB3: SQL: Error MariaDBQueryException: You have an error in your SQL syntax; check the manual that corresponds to your MariaDB server version for the right syntax to use near 'S] Qnoxaffetmez', '"[`667`]"', '4500', '1')' at line 1
[03:28:40:091618 +03:00] [Thread 7840] extDB3: SQL: Error MariaDBQueryException: Input: INSERT INTO wanted (wantedID, wantedName, wantedCrimes, wantedBounty, active) VALUES('76561198281270185', '[Vatan'S] Qnoxaffetmez', '"[`667`]"', '4500', '1')
